#
# There is insufficient memory for the Java Runtime Environment to continue.
# Native memory allocation (malloc) failed to allocate 2448 bytes for AllocateHeap
# Possible reasons:
#   The system is out of physical RAM or swap space
#   In 32 bit mode, the process size limit was hit
# Possible solutions:
#   Reduce memory load on the system
#   Increase physical memory or swap space
#   Check if swap backing store is full
#   Use 64 bit Java on a 64 bit OS
#   Decrease Java heap size (-Xmx/-Xms)
#   Decrease number of Java threads
#   Decrease Java thread stack sizes (-Xss)
#   Set larger code cache with -XX:ReservedCodeCacheSize=
# This output file may be truncated or incomplete.
#
#  Out of Memory Error (memory/allocation.inline.hpp:61), pid=11252, tid=0x0000000000000320
#
# JRE version: Java(TM) SE Runtime Environment (8.0_181-b13) (build 1.8.0_181-b13)
# Java VM: Java HotSpot(TM) 64-Bit Server VM (25.181-b13 mixed mode windows-amd64 compressed oops)
# Failed to write core dump. Minidumps are not enabled by default on client versions of Windows
#

---------------  T H R E A D  ---------------

Current thread (0x0000000017cb0800):  JavaThread "C1 CompilerThread2" daemon [_thread_in_vm, id=800, stack(0x00000000194f0000,0x00000000195f0000)]

Stack: [0x00000000194f0000,0x00000000195f0000]
[error occurred during error reporting (printing stack bounds), id 0xc0000005]

Native frames: (J=compiled Java code, j=interpreted, Vv=VM code, C=native code)


Current CompileTask:
C1:   7291 2117       3       java.util.WeakHashMap::<init> (133 bytes)


---------------  P R O C E S S  ---------------

Java Threads: ( => current thread )
  0x000000001d142000 JavaThread "Prism Font Disposer" daemon [_thread_blocked, id=8284, stack(0x000000001fbb0000,0x000000001fcb0000)]
  0x000000001cdda800 JavaThread "Thread-3" daemon [_thread_in_native, id=12212, stack(0x000000001d590000,0x000000001d690000)]
  0x000000001cd92000 JavaThread "JavaFX-Launcher" [_thread_blocked, id=11924, stack(0x000000001d720000,0x000000001d820000)]
  0x0000000019984800 JavaThread "JavaFX Application Thread" [_thread_in_native, id=9860, stack(0x000000001ac10000,0x000000001ad10000)]
  0x0000000019983800 JavaThread "Thread-1" daemon [_thread_blocked, id=12580, stack(0x000000001a090000,0x000000001a190000)]
  0x000000001993b800 JavaThread "QuantumRenderer-0" daemon [_thread_blocked, id=11184, stack(0x0000000019e50000,0x0000000019f50000)]
  0x0000000019620800 JavaThread "Service Thread" daemon [_thread_blocked, id=8592, stack(0x00000000199f0000,0x0000000019af0000)]
=>0x0000000017cb0800 JavaThread "C1 CompilerThread2" daemon [_thread_in_vm, id=800, stack(0x00000000194f0000,0x00000000195f0000)]
  0x0000000017ca8800 JavaThread "C2 CompilerThread1" daemon [_thread_blocked, id=12612, stack(0x00000000193f0000,0x00000000194f0000)]
  0x0000000017ca5800 JavaThread "C2 CompilerThread0" daemon [_thread_blocked, id=12184, stack(0x00000000192f0000,0x00000000193f0000)]
  0x0000000017ca3800 JavaThread "Attach Listener" daemon [_thread_blocked, id=6772, stack(0x00000000191f0000,0x00000000192f0000)]
  0x0000000017ca0800 JavaThread "Signal Dispatcher" daemon [_thread_blocked, id=13844, stack(0x00000000190f0000,0x00000000191f0000)]
  0x0000000017c8e800 JavaThread "Finalizer" daemon [_thread_blocked, id=10088, stack(0x0000000018ef0000,0x0000000018ff0000)]
  0x00000000031c3000 JavaThread "Reference Handler" daemon [_thread_blocked, id=6036, stack(0x0000000018df0000,0x0000000018ef0000)]
  0x00000000030d2800 JavaThread "main" [_thread_blocked, id=14032, stack(0x0000000002f80000,0x0000000003080000)]

Other Threads:
  0x0000000017c67800 VMThread [stack: 0x0000000018cf0000,0x0000000018df0000] [id=13712]
  0x0000000017cfc800 WatcherThread [stack: 0x0000000019af0000,0x0000000019bf0000] [id=6812]

VM state:not at safepoint (normal execution)

VM Mutex/Monitor currently owned by a thread:  ([mutex/lock_event])
[0x00000000030cda70] CodeCache_lock - owner thread: 0x0000000017cb0800
[0x00000000030d14d0] Compile_lock - owner thread: 0x0000000017cb0800
[0x00000000030d12d0] MethodCompileQueue_lock - owner thread: 0x0000000017cb0800

Heap:
 PSYoungGen      total 117760K, used 79096K [0x00000000d6100000, 0x00000000df680000, 0x0000000100000000)
  eden space 113152K, 69% used [0x00000000d6100000,0x00000000dae3e2a8,0x00000000dcf80000)
  from space 4608K, 0% used [0x00000000dcf80000,0x00000000dcf80000,0x00000000dd400000)
  to   space 4608K, 0% used [0x00000000df200000,0x00000000df200000,0x00000000df680000)
 ParOldGen       total 366080K, used 365344K [0x0000000082200000, 0x0000000098780000, 0x00000000d6100000)
  object space 366080K, 99% used [0x0000000082200000,0x00000000986c8060,0x0000000098780000)
 Metaspace       used 18064K, capacity 18828K, committed 19072K, reserved 1064960K
  class space    used 2636K, capacity 2830K, committed 2944K, reserved 1048576K

Card table byte_map: [0x0000000012590000,0x0000000012980000] byte_map_base: 0x000000001217f000

Marking Bits: (ParMarkBitMap*) 0x0000000060402d00
 Begin Bits: [0x0000000013020000, 0x0000000014f98000)
 End Bits:   [0x0000000014f98000, 0x0000000016f10000)

Polling page: 0x0000000002f20000

CodeCache: size=245760Kb used=6552Kb max_used=6552Kb free=239207Kb
 bounds [0x00000000031d0000, 0x0000000003840000, 0x00000000121d0000]
 total_blobs=2767 nmethods=2115 adapters=561
 compilation: enabled

Compilation events (10 events):
Event: 7.234 Thread 0x0000000017cb0800 nmethod 2112 0x0000000003835250 code [0x00000000038353a0, 0x0000000003835490]
Event: 7.235 Thread 0x0000000017cb0800 2114       1       com.sun.javafx.geom.DirtyRegionContainer::getDirtyRegion (7 bytes)
Event: 7.235 Thread 0x0000000017cb0800 nmethod 2114 0x0000000003834f10 code [0x0000000003835060, 0x0000000003835190]
Event: 7.235 Thread 0x0000000017cb0800 2113       3       com.sun.javafx.sg.prism.NGNode::computeRenderRoot (12 bytes)
Event: 7.235 Thread 0x0000000017cb0800 nmethod 2113 0x0000000003834ad0 code [0x0000000003834c40, 0x0000000003834e48]
Event: 7.235 Thread 0x0000000017cb0800 2115   !   3       java.io.BufferedWriter::flushBuffer (53 bytes)
Event: 7.236 Thread 0x0000000017cb0800 nmethod 2115 0x0000000003834090 code [0x0000000003834240, 0x0000000003834818]
Event: 7.250 Thread 0x0000000017cb0800 2116       3       javafx.beans.property.IntegerPropertyBase::set (110 bytes)
Event: 7.252 Thread 0x0000000017cb0800 nmethod 2116 0x0000000003836bd0 code [0x0000000003836ee0, 0x00000000038387b8]
Event: 7.282 Thread 0x0000000017cb0800 2117       3       java.util.WeakHashMap::<init> (133 bytes)

GC Heap History (10 events):
Event: 1.449 GC heap before
{Heap before GC invocations=8 (full 2):
 PSYoungGen      total 69632K, used 66678K [0x00000000d6100000, 0x00000000dd900000, 0x0000000100000000)
  eden space 64512K, 97% used [0x00000000d6100000,0x00000000d9e6b690,0x00000000da000000)
  from space 5120K, 73% used [0x00000000da000000,0x00000000da3b2360,0x00000000da500000)
  to   space 4608K, 0% used [0x00000000dd480000,0x00000000dd480000,0x00000000dd900000)
 ParOldGen       total 272896K, used 161500K [0x0000000082200000, 0x0000000092c80000, 0x00000000d6100000)
  object space 272896K, 59% used [0x0000000082200000,0x000000008bfb7220,0x0000000092c80000)
 Metaspace       used 9467K, capacity 9820K, committed 10112K, reserved 1058816K
  class space    used 1184K, capacity 1326K, committed 1408K, reserved 1048576K
Event: 1.467 GC heap after
Heap after GC invocations=8 (full 2):
 PSYoungGen      total 105984K, used 3878K [0x00000000d6100000, 0x00000000dd880000, 0x0000000100000000)
  eden space 101888K, 0% used [0x00000000d6100000,0x00000000d6100000,0x00000000dc480000)
  from space 4096K, 94% used [0x00000000dd480000,0x00000000dd849820,0x00000000dd880000)
  to   space 4608K, 0% used [0x00000000dcf80000,0x00000000dcf80000,0x00000000dd400000)
 ParOldGen       total 272896K, used 221509K [0x0000000082200000, 0x0000000092c80000, 0x00000000d6100000)
  object space 272896K, 81% used [0x0000000082200000,0x000000008fa51420,0x0000000092c80000)
 Metaspace       used 9467K, capacity 9820K, committed 10112K, reserved 1058816K
  class space    used 1184K, capacity 1326K, committed 1408K, reserved 1048576K
}
Event: 1.467 GC heap before
{Heap before GC invocations=9 (full 3):
 PSYoungGen      total 105984K, used 3878K [0x00000000d6100000, 0x00000000dd880000, 0x0000000100000000)
  eden space 101888K, 0% used [0x00000000d6100000,0x00000000d6100000,0x00000000dc480000)
  from space 4096K, 94% used [0x00000000dd480000,0x00000000dd849820,0x00000000dd880000)
  to   space 4608K, 0% used [0x00000000dcf80000,0x00000000dcf80000,0x00000000dd400000)
 ParOldGen       total 272896K, used 221509K [0x0000000082200000, 0x0000000092c80000, 0x00000000d6100000)
  object space 272896K, 81% used [0x0000000082200000,0x000000008fa51420,0x0000000092c80000)
 Metaspace       used 9467K, capacity 9820K, committed 10112K, reserved 1058816K
  class space    used 1184K, capacity 1326K, committed 1408K, reserved 1048576K
Event: 1.503 GC heap after
Heap after GC invocations=9 (full 3):
 PSYoungGen      total 105984K, used 0K [0x00000000d6100000, 0x00000000dd880000, 0x0000000100000000)
  eden space 101888K, 0% used [0x00000000d6100000,0x00000000d6100000,0x00000000dc480000)
  from space 4096K, 0% used [0x00000000dd480000,0x00000000dd480000,0x00000000dd880000)
  to   space 4608K, 0% used [0x00000000dcf80000,0x00000000dcf80000,0x00000000dd400000)
 ParOldGen       total 366080K, used 225276K [0x0000000082200000, 0x0000000098780000, 0x00000000d6100000)
  object space 366080K, 61% used [0x0000000082200000,0x000000008fdff3a8,0x0000000098780000)
 Metaspace       used 9467K, capacity 9820K, committed 10112K, reserved 1058816K
  class space    used 1184K, capacity 1326K, committed 1408K, reserved 1048576K
}
Event: 3.306 GC heap before
{Heap before GC invocations=10 (full 3):
 PSYoungGen      total 105984K, used 101481K [0x00000000d6100000, 0x00000000dd880000, 0x0000000100000000)
  eden space 101888K, 99% used [0x00000000d6100000,0x00000000dc41a4d0,0x00000000dc480000)
  from space 4096K, 0% used [0x00000000dd480000,0x00000000dd480000,0x00000000dd880000)
  to   space 4608K, 0% used [0x00000000dcf80000,0x00000000dcf80000,0x00000000dd400000)
 ParOldGen       total 366080K, used 225276K [0x0000000082200000, 0x0000000098780000, 0x00000000d6100000)
  object space 366080K, 61% used [0x0000000082200000,0x000000008fdff3a8,0x0000000098780000)
 Metaspace       used 14674K, capacity 15246K, committed 15360K, reserved 1062912K
  class space    used 2072K, capacity 2231K, committed 2304K, reserved 1048576K
Event: 3.335 GC heap after
Heap after GC invocations=10 (full 3):
 PSYoungGen      total 117760K, used 4401K [0x00000000d6100000, 0x00000000df680000, 0x0000000100000000)
  eden space 113152K, 0% used [0x00000000d6100000,0x00000000d6100000,0x00000000dcf80000)
  from space 4608K, 95% used [0x00000000dcf80000,0x00000000dd3cc4d0,0x00000000dd400000)
  to   space 4608K, 0% used [0x00000000df200000,0x00000000df200000,0x00000000df680000)
 ParOldGen       total 366080K, used 299434K [0x0000000082200000, 0x0000000098780000, 0x00000000d6100000)
  object space 366080K, 81% used [0x0000000082200000,0x000000009466aa28,0x0000000098780000)
 Metaspace       used 14674K, capacity 15246K, committed 15360K, reserved 1062912K
  class space    used 2072K, capacity 2231K, committed 2304K, reserved 1048576K
}
Event: 3.336 GC heap before
{Heap before GC invocations=11 (full 4):
 PSYoungGen      total 117760K, used 4401K [0x00000000d6100000, 0x00000000df680000, 0x0000000100000000)
  eden space 113152K, 0% used [0x00000000d6100000,0x00000000d6100000,0x00000000dcf80000)
  from space 4608K, 95% used [0x00000000dcf80000,0x00000000dd3cc4d0,0x00000000dd400000)
  to   space 4608K, 0% used [0x00000000df200000,0x00000000df200000,0x00000000df680000)
 ParOldGen       total 366080K, used 299434K [0x0000000082200000, 0x0000000098780000, 0x00000000d6100000)
  object space 366080K, 81% used [0x0000000082200000,0x000000009466aa28,0x0000000098780000)
 Metaspace       used 14674K, capacity 15246K, committed 15360K, reserved 1062912K
  class space    used 2072K, capacity 2231K, committed 2304K, reserved 1048576K
Event: 3.423 GC heap after
Heap after GC invocations=11 (full 4):
 PSYoungGen      total 117760K, used 0K [0x00000000d6100000, 0x00000000df680000, 0x0000000100000000)
  eden space 113152K, 0% used [0x00000000d6100000,0x00000000d6100000,0x00000000dcf80000)
  from space 4608K, 0% used [0x00000000dcf80000,0x00000000dcf80000,0x00000000dd400000)
  to   space 4608K, 0% used [0x00000000df200000,0x00000000df200000,0x00000000df680000)
 ParOldGen       total 366080K, used 301784K [0x0000000082200000, 0x0000000098780000, 0x00000000d6100000)
  object space 366080K, 82% used [0x0000000082200000,0x00000000948b6388,0x0000000098780000)
 Metaspace       used 14674K, capacity 15246K, committed 15360K, reserved 1062912K
  class space    used 2072K, capacity 2231K, committed 2304K, reserved 1048576K
}
Event: 3.755 GC heap before
{Heap before GC invocations=12 (full 5):
 PSYoungGen      total 117760K, used 111466K [0x00000000d6100000, 0x00000000df680000, 0x0000000100000000)
  eden space 113152K, 98% used [0x00000000d6100000,0x00000000dcdda950,0x00000000dcf80000)
  from space 4608K, 0% used [0x00000000dcf80000,0x00000000dcf80000,0x00000000dd400000)
  to   space 4608K, 0% used [0x00000000df200000,0x00000000df200000,0x00000000df680000)
 ParOldGen       total 366080K, used 301784K [0x0000000082200000, 0x0000000098780000, 0x00000000d6100000)
  object space 366080K, 82% used [0x0000000082200000,0x00000000948b6388,0x0000000098780000)
 Metaspace       used 14674K, capacity 15246K, committed 15360K, reserved 1062912K
  class space    used 2072K, capacity 2231K, committed 2304K, reserved 1048576K
Event: 3.883 GC heap after
Heap after GC invocations=12 (full 5):
 PSYoungGen      total 117760K, used 24804K [0x00000000d6100000, 0x00000000df680000, 0x0000000100000000)
  eden space 113152K, 21% used [0x00000000d6100000,0x00000000d7939170,0x00000000dcf80000)
  from space 4608K, 0% used [0x00000000dcf80000,0x00000000dcf80000,0x00000000dd400000)
  to   space 4608K, 0% used [0x00000000df200000,0x00000000df200000,0x00000000df680000)
 ParOldGen       total 366080K, used 365344K [0x0000000082200000, 0x0000000098780000, 0x00000000d6100000)
  object space 366080K, 99% used [0x0000000082200000,0x00000000986c8060,0x0000000098780000)
 Metaspace       used 14674K, capacity 15246K, committed 15360K, reserved 1062912K
  class space    used 2072K, capacity 2231K, committed 2304K, reserved 1048576K
}

Deoptimization events (10 events):
Event: 3.179 Thread 0x0000000019984800 Uncommon trap: reason=class_check action=maybe_recompile pc=0x0000000003481ad4 method=java.io.SequenceInputStream.read()I @ 11
Event: 3.179 Thread 0x0000000019984800 Uncommon trap: reason=class_check action=maybe_recompile pc=0x0000000003481ad4 method=java.io.SequenceInputStream.read()I @ 11
Event: 4.488 Thread 0x0000000019984800 Uncommon trap: reason=unstable_if action=reinterpret pc=0x00000000034ac178 method=java.lang.String.indexOf([CII[CIII)I @ 3
Event: 5.140 Thread 0x0000000019984800 Uncommon trap: reason=class_check action=maybe_recompile pc=0x0000000003480610 method=java.io.FilterInputStream.read()I @ 4
Event: 5.140 Thread 0x0000000019984800 Uncommon trap: reason=class_check action=maybe_recompile pc=0x0000000003480610 method=java.io.FilterInputStream.read()I @ 4
Event: 5.140 Thread 0x0000000019984800 Uncommon trap: reason=class_check action=maybe_recompile pc=0x0000000003480610 method=java.io.FilterInputStream.read()I @ 4
Event: 5.140 Thread 0x0000000019984800 Uncommon trap: reason=class_check action=maybe_recompile pc=0x0000000003480610 method=java.io.FilterInputStream.read()I @ 4
Event: 5.149 Thread 0x0000000019984800 Uncommon trap: reason=unstable_if action=reinterpret pc=0x00000000033c5740 method=java.lang.CharacterData.of(I)Ljava/lang/CharacterData; @ 4
Event: 5.159 Thread 0x0000000019984800 Uncommon trap: reason=unstable_if action=reinterpret pc=0x000000000349e0fc method=java.lang.Math.round(D)J @ 48
Event: 5.921 Thread 0x000000001993b800 Uncommon trap: reason=unstable_if action=reinterpret pc=0x00000000037b2bb4 method=java.lang.Math.round(F)I @ 23

Classes redefined (0 events):
No events

Internal exceptions (10 events):
Event: 0.844 Thread 0x0000000019984800 Exception <a 'java/lang/NullPointerException'> (0x00000000d6eba4d0) thrown at [C:\re\workspace\8-2-build-windows-amd64-cygwin\jdk8u181\11358\hotspot\src\share\vm\interpreter\linkResolver.cpp, line 1185]
Event: 0.844 Thread 0x0000000019984800 Exception <a 'java/lang/NullPointerException'> (0x00000000d6eba4d0) thrown at [C:\re\workspace\8-2-build-windows-amd64-cygwin\jdk8u181\11358\hotspot\src\share\vm\prims\jvm.cpp, line 1439]
Event: 0.903 Thread 0x0000000019984800 Exception <a 'java/lang/ArrayIndexOutOfBoundsException'> (0x00000000d701f4b0) thrown at [C:\re\workspace\8-2-build-windows-amd64-cygwin\jdk8u181\11358\hotspot\src\share\vm\runtime\sharedRuntime.cpp, line 605]
Event: 0.904 Thread 0x0000000019984800 Exception <a 'java/lang/ArrayIndexOutOfBoundsException'> (0x00000000d70201a0) thrown at [C:\re\workspace\8-2-build-windows-amd64-cygwin\jdk8u181\11358\hotspot\src\share\vm\runtime\sharedRuntime.cpp, line 605]
Event: 0.904 Thread 0x0000000019984800 Exception <a 'java/lang/ArrayIndexOutOfBoundsException'> (0x00000000d7021548) thrown at [C:\re\workspace\8-2-build-windows-amd64-cygwin\jdk8u181\11358\hotspot\src\share\vm\runtime\sharedRuntime.cpp, line 605]
Event: 2.417 Thread 0x0000000019984800 Exception <a 'java/lang/ArrayIndexOutOfBoundsException'> (0x00000000d9370168) thrown at [C:\re\workspace\8-2-build-windows-amd64-cygwin\jdk8u181\11358\hotspot\src\share\vm\runtime\sharedRuntime.cpp, line 605]
Event: 2.524 Thread 0x0000000019984800 Exception <a 'java/lang/ArrayIndexOutOfBoundsException'> (0x00000000d96cd2e0) thrown at [C:\re\workspace\8-2-build-windows-amd64-cygwin\jdk8u181\11358\hotspot\src\share\vm\runtime\sharedRuntime.cpp, line 605]
Event: 2.942 Thread 0x0000000019984800 Implicit null exception at 0x000000000354ca75 to 0x000000000354cc85
Event: 2.946 Thread 0x0000000019984800 Implicit null exception at 0x00000000034d2aaf to 0x00000000034d2b19
Event: 4.745 Thread 0x0000000019984800 Exception <a 'java/lang/ArrayIndexOutOfBoundsException'> (0x00000000da1f8558) thrown at [C:\re\workspace\8-2-build-windows-amd64-cygwin\jdk8u181\11358\hotspot\src\share\vm\runtime\sharedRuntime.cpp, line 605]

Events (10 events):
Event: 5.940 loading class java/lang/Throwable$WrappedPrintStream
Event: 5.940 loading class java/lang/Throwable$PrintStreamOrWriter
Event: 5.940 loading class java/lang/Throwable$PrintStreamOrWriter done
Event: 5.940 loading class java/lang/Throwable$WrappedPrintStream done
Event: 5.941 loading class java/util/IdentityHashMap$KeySet
Event: 5.941 loading class java/util/IdentityHashMap$KeySet done
Event: 6.130 loading class com/sun/prism/impl/ManagedResource
Event: 6.130 loading class com/sun/prism/impl/ManagedResource done
Event: 6.130 loading class com/sun/prism/impl/BaseResourcePool$Predicate
Event: 6.130 loading class com/sun/prism/impl/BaseResourcePool$Predicate done


Dynamic libraries:
0x00007ff686c30000 - 0x00007ff686c67000 	C:\Program Files\Java\jdk1.8.0_181\jre\bin\java.exe
0x00007ffe4f560000 - 0x00007ffe4f750000 	C:\WINDOWS\SYSTEM32\ntdll.dll
0x00007ffe4dd00000 - 0x00007ffe4ddb2000 	C:\WINDOWS\System32\KERNEL32.DLL
0x00007ffe4c4f0000 - 0x00007ffe4c793000 	C:\WINDOWS\System32\KERNELBASE.dll
0x00007ffe4ec30000 - 0x00007ffe4ecd3000 	C:\WINDOWS\System32\ADVAPI32.dll
0x00007ffe4f2c0000 - 0x00007ffe4f35e000 	C:\WINDOWS\System32\msvcrt.dll
0x00007ffe4dfa0000 - 0x00007ffe4e037000 	C:\WINDOWS\System32\sechost.dll
0x00007ffe4f360000 - 0x00007ffe4f480000 	C:\WINDOWS\System32\RPCRT4.dll
0x00007ffe4e740000 - 0x00007ffe4e8d4000 	C:\WINDOWS\System32\USER32.dll
0x00007ffe4d5e0000 - 0x00007ffe4d601000 	C:\WINDOWS\System32\win32u.dll
0x00007ffe4edf0000 - 0x00007ffe4ee16000 	C:\WINDOWS\System32\GDI32.dll
0x00007ffe4d3c0000 - 0x00007ffe4d554000 	C:\WINDOWS\System32\gdi32full.dll
0x00007ffe4c9b0000 - 0x00007ffe4ca4e000 	C:\WINDOWS\System32\msvcp_win.dll
0x00007ffe4c800000 - 0x00007ffe4c8fa000 	C:\WINDOWS\System32\ucrtbase.dll
0x00007ffe3db40000 - 0x00007ffe3ddc5000 	C:\WINDOWS\WinSxS\amd64_microsoft.windows.common-controls_6595b64144ccf1df_6.0.18362.720_none_e6beb5c51314836b\COMCTL32.dll
0x00007ffe4e8f0000 - 0x00007ffe4ec26000 	C:\WINDOWS\System32\combase.dll
0x00007ffe4d560000 - 0x00007ffe4d5e0000 	C:\WINDOWS\System32\bcryptPrimitives.dll
0x00007ffe4f4f0000 - 0x00007ffe4f51e000 	C:\WINDOWS\System32\IMM32.DLL
0x0000000060530000 - 0x0000000060602000 	C:\Program Files\Java\jdk1.8.0_181\jre\bin\msvcr100.dll
0x000000005fbe0000 - 0x0000000060482000 	C:\Program Files\Java\jdk1.8.0_181\jre\bin\server\jvm.dll
0x00007ffe4f1a0000 - 0x00007ffe4f1a8000 	C:\WINDOWS\System32\PSAPI.DLL
0x00007ffe3a250000 - 0x00007ffe3a259000 	C:\WINDOWS\SYSTEM32\WSOCK32.dll
0x00007ffe4f480000 - 0x00007ffe4f4ef000 	C:\WINDOWS\System32\WS2_32.dll
0x00007ffe48400000 - 0x00007ffe48424000 	C:\WINDOWS\SYSTEM32\WINMM.dll
0x00007ffe41a10000 - 0x00007ffe41a1a000 	C:\WINDOWS\SYSTEM32\VERSION.dll
0x00007ffe483d0000 - 0x00007ffe483fd000 	C:\WINDOWS\SYSTEM32\winmmbase.dll
0x00007ffe4ca50000 - 0x00007ffe4ca9a000 	C:\WINDOWS\System32\cfgmgr32.dll
0x00000000604e0000 - 0x00000000604ef000 	C:\Program Files\Java\jdk1.8.0_181\jre\bin\verify.dll
0x000000005fbb0000 - 0x000000005fbd9000 	C:\Program Files\Java\jdk1.8.0_181\jre\bin\java.dll
0x00000000604c0000 - 0x00000000604d6000 	C:\Program Files\Java\jdk1.8.0_181\jre\bin\zip.dll
0x00007ffe4d610000 - 0x00007ffe4dcf5000 	C:\WINDOWS\System32\SHELL32.dll
0x00007ffe4ed40000 - 0x00007ffe4ede9000 	C:\WINDOWS\System32\shcore.dll
0x00007ffe4cbf0000 - 0x00007ffe4d370000 	C:\WINDOWS\System32\windows.storage.dll
0x00007ffe4c4c0000 - 0x00007ffe4c4e3000 	C:\WINDOWS\System32\profapi.dll
0x00007ffe4c470000 - 0x00007ffe4c4ba000 	C:\WINDOWS\System32\powrprof.dll
0x00007ffe4c420000 - 0x00007ffe4c430000 	C:\WINDOWS\System32\UMPDC.dll
0x00007ffe4f260000 - 0x00007ffe4f2b2000 	C:\WINDOWS\System32\shlwapi.dll
0x00007ffe4c450000 - 0x00007ffe4c461000 	C:\WINDOWS\System32\kernel.appcore.dll
0x00007ffe4d370000 - 0x00007ffe4d387000 	C:\WINDOWS\System32\cryptsp.dll
0x0000000002f60000 - 0x0000000002f63000 	C:\Program Files\Java\jdk1.8.0_181\jre\bin\api-ms-win-core-console-l1-1-0.dll
0x00000000030b0000 - 0x00000000030b3000 	C:\Program Files\Java\jdk1.8.0_181\jre\bin\api-ms-win-core-datetime-l1-1-0.dll
0x0000000019bf0000 - 0x0000000019bf3000 	C:\Program Files\Java\jdk1.8.0_181\jre\bin\api-ms-win-core-debug-l1-1-0.dll
0x0000000019c00000 - 0x0000000019c03000 	C:\Program Files\Java\jdk1.8.0_181\jre\bin\api-ms-win-core-errorhandling-l1-1-0.dll
0x0000000019c10000 - 0x0000000019c14000 	C:\Program Files\Java\jdk1.8.0_181\jre\bin\api-ms-win-core-file-l1-1-0.dll
0x0000000019c20000 - 0x0000000019c23000 	C:\Program Files\Java\jdk1.8.0_181\jre\bin\api-ms-win-core-file-l1-2-0.dll
0x0000000019c30000 - 0x0000000019c33000 	C:\Program Files\Java\jdk1.8.0_181\jre\bin\api-ms-win-core-file-l2-1-0.dll
0x0000000019c40000 - 0x0000000019c43000 	C:\Program Files\Java\jdk1.8.0_181\jre\bin\api-ms-win-core-handle-l1-1-0.dll
0x0000000019c50000 - 0x0000000019c53000 	C:\Program Files\Java\jdk1.8.0_181\jre\bin\api-ms-win-core-heap-l1-1-0.dll
0x0000000019c60000 - 0x0000000019c63000 	C:\Program Files\Java\jdk1.8.0_181\jre\bin\api-ms-win-core-interlocked-l1-1-0.dll
0x0000000019c70000 - 0x0000000019c73000 	C:\Program Files\Java\jdk1.8.0_181\jre\bin\api-ms-win-core-libraryloader-l1-1-0.dll
0x0000000019c80000 - 0x0000000019c83000 	C:\Program Files\Java\jdk1.8.0_181\jre\bin\api-ms-win-core-localization-l1-2-0.dll
0x0000000019c90000 - 0x0000000019c93000 	C:\Program Files\Java\jdk1.8.0_181\jre\bin\api-ms-win-core-memory-l1-1-0.dll
0x0000000019ca0000 - 0x0000000019ca3000 	C:\Program Files\Java\jdk1.8.0_181\jre\bin\api-ms-win-core-namedpipe-l1-1-0.dll
0x0000000019cb0000 - 0x0000000019cb3000 	C:\Program Files\Java\jdk1.8.0_181\jre\bin\api-ms-win-core-processenvironment-l1-1-0.dll
0x0000000019cc0000 - 0x0000000019cc3000 	C:\Program Files\Java\jdk1.8.0_181\jre\bin\api-ms-win-core-processthreads-l1-1-0.dll
0x0000000019cd0000 - 0x0000000019cd3000 	C:\Program Files\Java\jdk1.8.0_181\jre\bin\api-ms-win-core-processthreads-l1-1-1.dll
0x0000000019ce0000 - 0x0000000019ce3000 	C:\Program Files\Java\jdk1.8.0_181\jre\bin\api-ms-win-core-profile-l1-1-0.dll
0x0000000019cf0000 - 0x0000000019cf3000 	C:\Program Files\Java\jdk1.8.0_181\jre\bin\api-ms-win-core-rtlsupport-l1-1-0.dll
0x0000000019d00000 - 0x0000000019d03000 	C:\Program Files\Java\jdk1.8.0_181\jre\bin\api-ms-win-core-string-l1-1-0.dll
0x0000000019d10000 - 0x0000000019d13000 	C:\Program Files\Java\jdk1.8.0_181\jre\bin\api-ms-win-core-synch-l1-1-0.dll
0x0000000019d20000 - 0x0000000019d23000 	C:\Program Files\Java\jdk1.8.0_181\jre\bin\api-ms-win-core-synch-l1-2-0.dll
0x0000000019d30000 - 0x0000000019d33000 	C:\Program Files\Java\jdk1.8.0_181\jre\bin\api-ms-win-core-sysinfo-l1-1-0.dll
0x0000000019d40000 - 0x0000000019d43000 	C:\Program Files\Java\jdk1.8.0_181\jre\bin\api-ms-win-core-timezone-l1-1-0.dll
0x0000000019d50000 - 0x0000000019d53000 	C:\Program Files\Java\jdk1.8.0_181\jre\bin\api-ms-win-core-util-l1-1-0.dll
0x0000000019d60000 - 0x0000000019d63000 	C:\Program Files\Java\jdk1.8.0_181\jre\bin\api-ms-win-crt-conio-l1-1-0.dll
0x0000000019d70000 - 0x0000000019d74000 	C:\Program Files\Java\jdk1.8.0_181\jre\bin\api-ms-win-crt-convert-l1-1-0.dll
0x0000000019d80000 - 0x0000000019d83000 	C:\Program Files\Java\jdk1.8.0_181\jre\bin\api-ms-win-crt-environment-l1-1-0.dll
0x0000000019d90000 - 0x0000000019d93000 	C:\Program Files\Java\jdk1.8.0_181\jre\bin\api-ms-win-crt-filesystem-l1-1-0.dll
0x0000000019da0000 - 0x0000000019da3000 	C:\Program Files\Java\jdk1.8.0_181\jre\bin\api-ms-win-crt-heap-l1-1-0.dll
0x0000000019db0000 - 0x0000000019db3000 	C:\Program Files\Java\jdk1.8.0_181\jre\bin\api-ms-win-crt-locale-l1-1-0.dll
0x0000000019dc0000 - 0x0000000019dc5000 	C:\Program Files\Java\jdk1.8.0_181\jre\bin\api-ms-win-crt-math-l1-1-0.dll
0x0000000019dd0000 - 0x0000000019dd5000 	C:\Program Files\Java\jdk1.8.0_181\jre\bin\api-ms-win-crt-multibyte-l1-1-0.dll
0x0000000019de0000 - 0x0000000019df0000 	C:\Program Files\Java\jdk1.8.0_181\jre\bin\api-ms-win-crt-private-l1-1-0.dll
0x0000000019df0000 - 0x0000000019df3000 	C:\Program Files\Java\jdk1.8.0_181\jre\bin\api-ms-win-crt-process-l1-1-0.dll
0x0000000019e00000 - 0x0000000019e04000 	C:\Program Files\Java\jdk1.8.0_181\jre\bin\api-ms-win-crt-runtime-l1-1-0.dll
0x0000000019e10000 - 0x0000000019e14000 	C:\Program Files\Java\jdk1.8.0_181\jre\bin\api-ms-win-crt-stdio-l1-1-0.dll
0x0000000019e20000 - 0x0000000019e24000 	C:\Program Files\Java\jdk1.8.0_181\jre\bin\api-ms-win-crt-string-l1-1-0.dll
0x0000000019e30000 - 0x0000000019e33000 	C:\Program Files\Java\jdk1.8.0_181\jre\bin\api-ms-win-crt-time-l1-1-0.dll
0x0000000019e40000 - 0x0000000019e43000 	C:\Program Files\Java\jdk1.8.0_181\jre\bin\api-ms-win-crt-utility-l1-1-0.dll
0x00007ffe036f0000 - 0x00007ffe037e6000 	C:\Program Files\Java\jdk1.8.0_181\jre\bin\ucrtbase.dll
0x00007ffe1fc80000 - 0x00007ffe1fc96000 	C:\Program Files\Java\jdk1.8.0_181\jre\bin\vcruntime140.dll
0x00007ffe03ac0000 - 0x00007ffe03b5c000 	C:\Program Files\Java\jdk1.8.0_181\jre\bin\msvcp140.dll
0x00007ffe01670000 - 0x00007ffe016c1000 	C:\Program Files\Java\jdk1.8.0_181\jre\bin\concrt140.dll
0x000000005eb30000 - 0x000000005eb53000 	C:\Program Files\Java\jdk1.8.0_181\jre\bin\prism_d3d.dll
0x00007ffe11b00000 - 0x00007ffe11cc7000 	C:\WINDOWS\system32\d3d9.dll
0x00007ffe4a850000 - 0x00007ffe4a87d000 	C:\WINDOWS\SYSTEM32\dwmapi.dll
0x00007ffe4b070000 - 0x00007ffe4b090000 	C:\WINDOWS\SYSTEM32\dxcore.dll
0x00007ffe4a6e0000 - 0x00007ffe4a779000 	C:\WINDOWS\system32\uxtheme.dll
0x00007ffe11090000 - 0x00007ffe11afd000 	C:\WINDOWS\SYSTEM32\igdumdim64.dll
0x00007ffe41e40000 - 0x00007ffe422a5000 	C:\WINDOWS\SYSTEM32\igdusc64.dll
0x000000005eae0000 - 0x000000005eb29000 	C:\Program Files\Java\jdk1.8.0_181\jre\bin\glass.dll
0x00007ffe4e5a0000 - 0x00007ffe4e670000 	C:\WINDOWS\System32\COMDLG32.dll
0x00007ffe4de40000 - 0x00007ffe4df97000 	C:\WINDOWS\System32\ole32.dll
0x00007ffe4e670000 - 0x00007ffe4e734000 	C:\WINDOWS\System32\OLEAUT32.dll
0x00007ffe4ee20000 - 0x00007ffe4ef56000 	C:\WINDOWS\System32\MSCTF.dll
0x00007ffe3d3e0000 - 0x00007ffe3d3f8000 	C:\Program Files (x86)\Smadav\SmadHook64c.dll
0x00007ffe4c7a0000 - 0x00007ffe4c7fc000 	C:\WINDOWS\System32\WINTRUST.dll
0x00007ffe4c430000 - 0x00007ffe4c442000 	C:\WINDOWS\System32\MSASN1.dll
0x00007ffe4caa0000 - 0x00007ffe4cbe9000 	C:\WINDOWS\System32\CRYPT32.dll
0x000000005ea30000 - 0x000000005ea44000 	C:\Program Files\Java\jdk1.8.0_181\jre\bin\javafx_font.dll
0x00007ffe3eac0000 - 0x00007ffe3edbe000 	C:\WINDOWS\SYSTEM32\dwrite.dll
0x00007ffe4f1b0000 - 0x00007ffe4f252000 	C:\WINDOWS\System32\clbcatq.dll
0x00007ffe46ba0000 - 0x00007ffe46d4f000 	C:\WINDOWS\SYSTEM32\WindowsCodecs.dll
0x00007ffe19190000 - 0x00007ffe191ca000 	C:\WINDOWS\system32\dataexchange.dll
0x00007ffe49630000 - 0x00007ffe4988b000 	C:\WINDOWS\system32\d3d11.dll
0x00007ffe49cf0000 - 0x00007ffe49ecb000 	C:\WINDOWS\system32\dcomp.dll
0x00007ffe4b100000 - 0x00007ffe4b1eb000 	C:\WINDOWS\system32\dxgi.dll
0x00007ffe4a930000 - 0x00007ffe4ab8a000 	C:\WINDOWS\system32\twinapi.appcore.dll
0x00007ffe4ad60000 - 0x00007ffe4ad89000 	C:\WINDOWS\system32\RMCLIENT.dll
0x00007ffe0aea0000 - 0x00007ffe0aed3000 	C:\Program Files\Common Files\Microsoft Shared\Ink\rtscom.dll
0x00007ffe40bb0000 - 0x00007ffe40c4e000 	C:\WINDOWS\System32\TextInputFramework.dll
0x00007ffe46f10000 - 0x00007ffe4723a000 	C:\WINDOWS\System32\CoreUIComponents.dll
0x00007ffe4a240000 - 0x00007ffe4a314000 	C:\WINDOWS\System32\CoreMessaging.dll
0x00007ffe4b460000 - 0x00007ffe4b491000 	C:\WINDOWS\SYSTEM32\ntmarta.dll
0x00007ffe48200000 - 0x00007ffe48353000 	C:\WINDOWS\SYSTEM32\wintypes.dll
0x00007ffe3f660000 - 0x00007ffe3f906000 	C:\WINDOWS\System32\iertutil.dll
0x000000005ea10000 - 0x000000005ea22000 	C:\Program Files\Java\jdk1.8.0_181\jre\bin\prism_common.dll
0x00007ffe4b800000 - 0x00007ffe4b833000 	C:\WINDOWS\system32\rsaenh.dll
0x00007ffe4d390000 - 0x00007ffe4d3b6000 	C:\WINDOWS\System32\bcrypt.dll
0x00007ffe4c340000 - 0x00007ffe4c365000 	C:\WINDOWS\SYSTEM32\USERENV.dll
0x00007ffe4be60000 - 0x00007ffe4be6c000 	C:\WINDOWS\SYSTEM32\CRYPTBASE.dll
0x000000005fb90000 - 0x000000005fbaa000 	C:\Program Files\Java\jdk1.8.0_181\jre\bin\net.dll
0x00007ffe4bc90000 - 0x00007ffe4bcf7000 	C:\WINDOWS\system32\mswsock.dll
0x00007ffe4b9a0000 - 0x00007ffe4b9da000 	C:\WINDOWS\SYSTEM32\IPHLPAPI.DLL
0x00007ffe4f110000 - 0x00007ffe4f118000 	C:\WINDOWS\System32\NSI.dll
0x00007ffe41e20000 - 0x00007ffe41e36000 	C:\WINDOWS\SYSTEM32\dhcpcsvc6.DLL
0x00007ffe436a0000 - 0x00007ffe436bc000 	C:\WINDOWS\SYSTEM32\dhcpcsvc.DLL
0x00007ffe4b9e0000 - 0x00007ffe4baaa000 	C:\WINDOWS\SYSTEM32\DNSAPI.dll

VM Arguments:
jvm_args: -Dfile.encoding=UTF-8 
java_command: C:\Users\EddyF\OneDrive\Documents\NetBeansProjects\HospitalManagement\dist\run1680749631\HospitalManagement.jar
java_class_path (initial): C:\Users\EddyF\OneDrive\Documents\NetBeansProjects\HospitalManagement\dist\run1680749631\HospitalManagement.jar
Launcher Type: SUN_STANDARD

Environment Variables:
JAVA_HOME=C:\Program Files\Java\jdk1.8.0_181\bin
CLASSPATH=%CLASSPATH%;%JUNIT_HOME%\junit-4.12.jar;C:\Junit\junit-4.12.jar;C:\Junit\junit-4.12.jar
USERNAME=EddyF
OS=Windows_NT
PROCESSOR_IDENTIFIER=Intel64 Family 6 Model 58 Stepping 9, GenuineIntel



---------------  S Y S T E M  ---------------

OS: Windows 10.0 , 64 bit Build 18362 (10.0.18362.329)

CPU:total 4 (initial active 4) (2 cores per cpu, 2 threads per core) family 6 model 58 stepping 9, cmov, cx8, fxsr, mmx, sse, sse2, sse3, ssse3, sse4.1, sse4.2, popcnt, avx, aes, clmul, erms, ht, tsc, tscinvbit, tscinv

Memory: 4k page, physical 8248816k(1518412k free), swap 9865248k(3136k free)

vm_info: Java HotSpot(TM) 64-Bit Server VM (25.181-b13) for windows-amd64 JRE (1.8.0_181-b13), built on Jul  7 2018 04:01:33 by "java_re" with MS VC++ 10.0 (VS2010)

time: Thu Apr 23 21:50:50 2020
elapsed time: 7 seconds (0d 0h 0m 7s)

