#
# There is insufficient memory for the Java Runtime Environment to continue.
# Native memory allocation (malloc) failed to allocate 365136 bytes for Chunk::new
# Possible reasons:
#   The system is out of physical RAM or swap space
#   In 32 bit mode, the process size limit was hit
# Possible solutions:
#   Reduce memory load on the system
#   Increase physical memory or swap space
#   Check if swap backing store is full
#   Use 64 bit Java on a 64 bit OS
#   Decrease Java heap size (-Xmx/-Xms)
#   Decrease number of Java threads
#   Decrease Java thread stack sizes (-Xss)
#   Set larger code cache with -XX:ReservedCodeCacheSize=
# This output file may be truncated or incomplete.
#
#  Out of Memory Error (allocation.cpp:390), pid=6504, tid=0x00000000000036a0
#
# JRE version: Java(TM) SE Runtime Environment (8.0_181-b13) (build 1.8.0_181-b13)
# Java VM: Java HotSpot(TM) 64-Bit Server VM (25.181-b13 mixed mode windows-amd64 compressed oops)
# Failed to write core dump. Minidumps are not enabled by default on client versions of Windows
#

---------------  T H R E A D  ---------------

Current thread (0x0000000017c0b000):  JavaThread "C2 CompilerThread1" daemon [_thread_in_native, id=13984, stack(0x0000000019370000,0x0000000019470000)]

Stack: [0x0000000019370000,0x0000000019470000]
[error occurred during error reporting (printing stack bounds), id 0xc0000005]

Native frames: (J=compiled Java code, j=interpreted, Vv=VM code, C=native code)


Current CompileTask:
C2:   3340 1106       4       com.sun.javafx.iio.gif.GIFImageLoader2$LZWDecoder::readData (52 bytes)


---------------  P R O C E S S  ---------------

Java Threads: ( => current thread )
  0x000000001a2ca000 JavaThread "Prism Font Disposer" daemon [_thread_blocked, id=6316, stack(0x000000001f970000,0x000000001fa70000)]
  0x0000000019e6c000 JavaThread "JavaFX-Launcher" [_thread_blocked, id=13980, stack(0x000000001d520000,0x000000001d620000)]
  0x0000000019dd0800 JavaThread "Thread-2" daemon [_thread_in_native, id=14096, stack(0x000000001d420000,0x000000001d520000)]
  0x0000000019d77800 JavaThread "JavaFX Application Thread" [_thread_blocked, id=2492, stack(0x000000001b2a0000,0x000000001b3a0000)]
  0x0000000019d77000 JavaThread "Thread-1" daemon [_thread_blocked, id=8000, stack(0x000000001b1a0000,0x000000001b2a0000)]
  0x0000000019940800 JavaThread "QuantumRenderer-0" daemon [_thread_blocked, id=12808, stack(0x000000001a560000,0x000000001a660000)]
  0x0000000019593000 JavaThread "Service Thread" daemon [_thread_blocked, id=14056, stack(0x0000000019970000,0x0000000019a70000)]
  0x0000000017c0f000 JavaThread "C1 CompilerThread2" daemon [_thread_blocked, id=7860, stack(0x0000000019470000,0x0000000019570000)]
=>0x0000000017c0b000 JavaThread "C2 CompilerThread1" daemon [_thread_in_native, id=13984, stack(0x0000000019370000,0x0000000019470000)]
  0x0000000017c04800 JavaThread "C2 CompilerThread0" daemon [_thread_blocked, id=5168, stack(0x0000000019270000,0x0000000019370000)]
  0x0000000017c02800 JavaThread "Attach Listener" daemon [_thread_blocked, id=4908, stack(0x0000000019170000,0x0000000019270000)]
  0x0000000017bfd800 JavaThread "Signal Dispatcher" daemon [_thread_blocked, id=13576, stack(0x0000000019070000,0x0000000019170000)]
  0x0000000003129000 JavaThread "Finalizer" daemon [_thread_blocked, id=14016, stack(0x0000000018e70000,0x0000000018f70000)]
  0x0000000003123000 JavaThread "Reference Handler" daemon [_thread_blocked, id=6132, stack(0x0000000018d70000,0x0000000018e70000)]
  0x0000000003032800 JavaThread "main" [_thread_blocked, id=13720, stack(0x0000000002f30000,0x0000000003030000)]

Other Threads:
  0x0000000017bc7800 VMThread [stack: 0x0000000018c70000,0x0000000018d70000] [id=13976]
  0x000000001959b800 WatcherThread [stack: 0x0000000019a70000,0x0000000019b70000] [id=8508]

VM state:at safepoint (normal execution)

VM Mutex/Monitor currently owned by a thread:  ([mutex/lock_event])
[0x0000000002f2e9c0] Threads_lock - owner thread: 0x0000000017bc7800
[0x00000000030312d0] Heap_lock - owner thread: 0x0000000019d77800

Heap:
 PSYoungGen      total 124928K, used 105820K [0x00000000d6100000, 0x00000000df480000, 0x0000000100000000)
  eden space 107008K, 98% used [0x00000000d6100000,0x00000000dc857080,0x00000000dc980000)
  from space 17920K, 0% used [0x00000000de200000,0x00000000de200000,0x00000000df380000)
  to   space 22016K, 92% used [0x00000000dc980000,0x00000000ddd529b0,0x00000000ddf00000)
 ParOldGen       total 351232K, used 229026K [0x0000000082200000, 0x0000000097900000, 0x00000000d6100000)
  object space 351232K, 65% used [0x0000000082200000,0x00000000901a89e8,0x0000000097900000)
 Metaspace       used 14567K, capacity 15186K, committed 15360K, reserved 1062912K
  class space    used 2054K, capacity 2229K, committed 2304K, reserved 1048576K

Card table byte_map: [0x00000000124f0000,0x00000000128e0000] byte_map_base: 0x00000000120df000

Marking Bits: (ParMarkBitMap*) 0x0000000060402d00
 Begin Bits: [0x0000000012f80000, 0x0000000014ef8000)
 End Bits:   [0x0000000014ef8000, 0x0000000016e70000)

Polling page: 0x00000000016f0000

CodeCache: size=245760Kb used=4047Kb max_used=4059Kb free=241712Kb
 bounds [0x0000000003130000, 0x0000000003530000, 0x0000000012130000]
 total_blobs=1719 nmethods=1106 adapters=524
 compilation: enabled

Compilation events (10 events):
Event: 3.142 Thread 0x0000000017c0f000 1102       3       java.lang.Character::codePointAt (51 bytes)
Event: 3.142 Thread 0x0000000017c0f000 nmethod 1102 0x000000000351e690 code [0x000000000351e840, 0x000000000351eee8]
Event: 3.142 Thread 0x0000000017c0f000 1103       3       java.util.regex.Pattern$Dot::isSatisfiedBy (34 bytes)
Event: 3.142 Thread 0x0000000017c0f000 nmethod 1103 0x000000000351f090 code [0x000000000351f200, 0x000000000351f470]
Event: 3.165 Thread 0x0000000017c04800 1104       4       java.io.SequenceInputStream::read (31 bytes)
Event: 3.183 Thread 0x0000000017c04800 nmethod 1104 0x0000000003522b90 code [0x0000000003522d80, 0x00000000035237d0]
Event: 3.247 Thread 0x0000000017c0f000 1105       3       java.nio.Bits::byteOrder (20 bytes)
Event: 3.247 Thread 0x0000000017c0f000 nmethod 1105 0x0000000003517fd0 code [0x0000000003518120, 0x0000000003518270]
Event: 3.281 Thread 0x0000000017c0b000 1106       4       com.sun.javafx.iio.gif.GIFImageLoader2$LZWDecoder::readData (52 bytes)
Event: 3.288 Thread 0x0000000017c04800 1107       4       java.io.FilterInputStream::read (11 bytes)

GC Heap History (10 events):
Event: 1.144 GC heap before
{Heap before GC invocations=5 (full 1):
 PSYoungGen      total 37888K, used 31195K [0x00000000d6100000, 0x00000000dab00000, 0x0000000100000000)
  eden space 32768K, 95% used [0x00000000d6100000,0x00000000d7f76d38,0x00000000d8100000)
  from space 5120K, 0% used [0x00000000d8100000,0x00000000d8100000,0x00000000d8600000)
  to   space 5120K, 0% used [0x00000000da600000,0x00000000da600000,0x00000000dab00000)
 ParOldGen       total 153600K, used 77168K [0x0000000082200000, 0x000000008b800000, 0x00000000d6100000)
  object space 153600K, 50% used [0x0000000082200000,0x0000000086d5c3c8,0x000000008b800000)
 Metaspace       used 9465K, capacity 9788K, committed 10112K, reserved 1058816K
  class space    used 1180K, capacity 1294K, committed 1408K, reserved 1048576K
Event: 1.155 GC heap after
Heap after GC invocations=5 (full 1):
 PSYoungGen      total 65024K, used 3846K [0x00000000d6100000, 0x00000000daa00000, 0x0000000100000000)
  eden space 60928K, 0% used [0x00000000d6100000,0x00000000d6100000,0x00000000d9c80000)
  from space 4096K, 93% used [0x00000000da600000,0x00000000da9c1820,0x00000000daa00000)
  to   space 5120K, 0% used [0x00000000da000000,0x00000000da000000,0x00000000da500000)
 ParOldGen       total 153600K, used 103419K [0x0000000082200000, 0x000000008b800000, 0x00000000d6100000)
  object space 153600K, 67% used [0x0000000082200000,0x00000000886feca8,0x000000008b800000)
 Metaspace       used 9465K, capacity 9788K, committed 10112K, reserved 1058816K
  class space    used 1180K, capacity 1294K, committed 1408K, reserved 1048576K
}
Event: 1.212 GC heap before
{Heap before GC invocations=6 (full 1):
 PSYoungGen      total 65024K, used 64251K [0x00000000d6100000, 0x00000000daa00000, 0x0000000100000000)
  eden space 60928K, 99% used [0x00000000d6100000,0x00000000d9bfd618,0x00000000d9c80000)
  from space 4096K, 93% used [0x00000000da600000,0x00000000da9c1820,0x00000000daa00000)
  to   space 5120K, 0% used [0x00000000da000000,0x00000000da000000,0x00000000da500000)
 ParOldGen       total 153600K, used 103419K [0x0000000082200000, 0x000000008b800000, 0x00000000d6100000)
  object space 153600K, 67% used [0x0000000082200000,0x00000000886feca8,0x000000008b800000)
 Metaspace       used 9465K, capacity 9788K, committed 10112K, reserved 1058816K
  class space    used 1180K, capacity 1294K, committed 1408K, reserved 1048576K
Event: 1.236 GC heap after
Heap after GC invocations=6 (full 1):
 PSYoungGen      total 69632K, used 3846K [0x00000000d6100000, 0x00000000df380000, 0x0000000100000000)
  eden space 64512K, 0% used [0x00000000d6100000,0x00000000d6100000,0x00000000da000000)
  from space 5120K, 75% used [0x00000000da000000,0x00000000da3c1820,0x00000000da500000)
  to   space 17920K, 0% used [0x00000000de200000,0x00000000de200000,0x00000000df380000)
 ParOldGen       total 161792K, used 161544K [0x0000000082200000, 0x000000008c000000, 0x00000000d6100000)
  object space 161792K, 99% used [0x0000000082200000,0x000000008bfc2298,0x000000008c000000)
 Metaspace       used 9465K, capacity 9788K, committed 10112K, reserved 1058816K
  class space    used 1180K, capacity 1294K, committed 1408K, reserved 1048576K
}
Event: 1.236 GC heap before
{Heap before GC invocations=7 (full 2):
 PSYoungGen      total 69632K, used 3846K [0x00000000d6100000, 0x00000000df380000, 0x0000000100000000)
  eden space 64512K, 0% used [0x00000000d6100000,0x00000000d6100000,0x00000000da000000)
  from space 5120K, 75% used [0x00000000da000000,0x00000000da3c1820,0x00000000da500000)
  to   space 17920K, 0% used [0x00000000de200000,0x00000000de200000,0x00000000df380000)
 ParOldGen       total 161792K, used 161544K [0x0000000082200000, 0x000000008c000000, 0x00000000d6100000)
  object space 161792K, 99% used [0x0000000082200000,0x000000008bfc2298,0x000000008c000000)
 Metaspace       used 9465K, capacity 9788K, committed 10112K, reserved 1058816K
  class space    used 1180K, capacity 1294K, committed 1408K, reserved 1048576K
Event: 1.266 GC heap after
Heap after GC invocations=7 (full 2):
 PSYoungGen      total 69632K, used 3784K [0x00000000d6100000, 0x00000000df380000, 0x0000000100000000)
  eden space 64512K, 0% used [0x00000000d6100000,0x00000000d6100000,0x00000000da000000)
  from space 5120K, 73% used [0x00000000da000000,0x00000000da3b2360,0x00000000da500000)
  to   space 17920K, 0% used [0x00000000de200000,0x00000000de200000,0x00000000df380000)
 ParOldGen       total 269824K, used 161500K [0x0000000082200000, 0x0000000092980000, 0x00000000d6100000)
  object space 269824K, 59% used [0x0000000082200000,0x000000008bfb7040,0x0000000092980000)
 Metaspace       used 9465K, capacity 9788K, committed 10112K, reserved 1058816K
  class space    used 1180K, capacity 1294K, committed 1408K, reserved 1048576K
}
Event: 1.311 GC heap before
{Heap before GC invocations=8 (full 2):
 PSYoungGen      total 69632K, used 66678K [0x00000000d6100000, 0x00000000df380000, 0x0000000100000000)
  eden space 64512K, 97% used [0x00000000d6100000,0x00000000d9e6b680,0x00000000da000000)
  from space 5120K, 73% used [0x00000000da000000,0x00000000da3b2360,0x00000000da500000)
  to   space 17920K, 0% used [0x00000000de200000,0x00000000de200000,0x00000000df380000)
 ParOldGen       total 269824K, used 161500K [0x0000000082200000, 0x0000000092980000, 0x00000000d6100000)
  object space 269824K, 59% used [0x0000000082200000,0x000000008bfb7040,0x0000000092980000)
 Metaspace       used 9465K, capacity 9788K, committed 10112K, reserved 1058816K
  class space    used 1180K, capacity 1294K, committed 1408K, reserved 1048576K
Event: 1.335 GC heap after
Heap after GC invocations=8 (full 2):
 PSYoungGen      total 124928K, used 17003K [0x00000000d6100000, 0x00000000df480000, 0x0000000100000000)
  eden space 107008K, 0% used [0x00000000d6100000,0x00000000d6100000,0x00000000dc980000)
  from space 17920K, 94% used [0x00000000de200000,0x00000000df29ac90,0x00000000df380000)
  to   space 22016K, 0% used [0x00000000dc980000,0x00000000dc980000,0x00000000ddf00000)
 ParOldGen       total 269824K, used 208383K [0x0000000082200000, 0x0000000092980000, 0x00000000d6100000)
  object space 269824K, 77% used [0x0000000082200000,0x000000008ed7fdd0,0x0000000092980000)
 Metaspace       used 9465K, capacity 9788K, committed 10112K, reserved 1058816K
  class space    used 1180K, capacity 1294K, committed 1408K, reserved 1048576K
}
Event: 1.335 GC heap before
{Heap before GC invocations=9 (full 3):
 PSYoungGen      total 124928K, used 17003K [0x00000000d6100000, 0x00000000df480000, 0x0000000100000000)
  eden space 107008K, 0% used [0x00000000d6100000,0x00000000d6100000,0x00000000dc980000)
  from space 17920K, 94% used [0x00000000de200000,0x00000000df29ac90,0x00000000df380000)
  to   space 22016K, 0% used [0x00000000dc980000,0x00000000dc980000,0x00000000ddf00000)
 ParOldGen       total 269824K, used 208383K [0x0000000082200000, 0x0000000092980000, 0x00000000d6100000)
  object space 269824K, 77% used [0x0000000082200000,0x000000008ed7fdd0,0x0000000092980000)
 Metaspace       used 9465K, capacity 9788K, committed 10112K, reserved 1058816K
  class space    used 1180K, capacity 1294K, committed 1408K, reserved 1048576K
Event: 1.360 GC heap after
Heap after GC invocations=9 (full 3):
 PSYoungGen      total 124928K, used 0K [0x00000000d6100000, 0x00000000df480000, 0x0000000100000000)
  eden space 107008K, 0% used [0x00000000d6100000,0x00000000d6100000,0x00000000dc980000)
  from space 17920K, 0% used [0x00000000de200000,0x00000000de200000,0x00000000df380000)
  to   space 22016K, 0% used [0x00000000dc980000,0x00000000dc980000,0x00000000ddf00000)
 ParOldGen       total 351232K, used 225276K [0x0000000082200000, 0x0000000097900000, 0x00000000d6100000)
  object space 351232K, 64% used [0x0000000082200000,0x000000008fdff1c8,0x0000000097900000)
 Metaspace       used 9465K, capacity 9788K, committed 10112K, reserved 1058816K
  class space    used 1180K, capacity 1294K, committed 1408K, reserved 1048576K
}

Deoptimization events (10 events):
Event: 2.843 Thread 0x0000000019d77800 Uncommon trap: reason=class_check action=maybe_recompile pc=0x0000000003251368 method=java.lang.String.equals(Ljava/lang/Object;)Z @ 8
Event: 2.846 Thread 0x0000000019d77800 Uncommon trap: reason=class_check action=maybe_recompile pc=0x0000000003251368 method=java.lang.String.equals(Ljava/lang/Object;)Z @ 8
Event: 2.918 Thread 0x0000000019d77800 Uncommon trap: reason=unstable_if action=reinterpret pc=0x0000000003456880 method=sun.net.www.ParseUtil.encodePath(Ljava/lang/String;Z)Ljava/lang/String; @ 109
Event: 2.927 Thread 0x0000000019d77800 Uncommon trap: reason=unstable_if action=reinterpret pc=0x00000000034a5654 method=java.util.HashMap.hash(Ljava/lang/Object;)I @ 1
Event: 2.949 Thread 0x0000000019d77800 Uncommon trap: reason=class_check action=maybe_recompile pc=0x00000000033dbdd4 method=java.io.SequenceInputStream.read()I @ 11
Event: 2.954 Thread 0x0000000019d77800 Uncommon trap: reason=unstable_if action=reinterpret pc=0x00000000033de794 method=com.sun.javafx.image.impl.ByteBgra$ToByteBgraPreConv.doConvert([BII[BIIII)V @ 75
Event: 2.986 Thread 0x0000000019d77800 Uncommon trap: reason=unstable_if action=reinterpret pc=0x00000000034ec428 method=jdk.internal.org.objectweb.asm.Type.getArgumentsAndReturnSizes(Ljava/lang/String;)I @ 47
Event: 3.104 Thread 0x0000000019d77800 Uncommon trap: reason=class_check action=maybe_recompile pc=0x00000000033dbdd4 method=java.io.SequenceInputStream.read()I @ 11
Event: 3.143 Thread 0x0000000019d77800 Uncommon trap: reason=class_check action=maybe_recompile pc=0x00000000033dbdd4 method=java.io.SequenceInputStream.read()I @ 11
Event: 3.143 Thread 0x0000000019d77800 Uncommon trap: reason=class_check action=maybe_recompile pc=0x00000000033dbdd4 method=java.io.SequenceInputStream.read()I @ 11

Classes redefined (0 events):
No events

Internal exceptions (10 events):
Event: 0.267 Thread 0x0000000003032800 Exception <a 'java/security/PrivilegedActionException'> (0x00000000d63d8790) thrown at [C:\re\workspace\8-2-build-windows-amd64-cygwin\jdk8u181\11358\hotspot\src\share\vm\prims\jvm.cpp, line 1435]
Event: 0.268 Thread 0x0000000003032800 Exception <a 'java/lang/NullPointerException'> (0x00000000d63d8d68) thrown at [C:\re\workspace\8-2-build-windows-amd64-cygwin\jdk8u181\11358\hotspot\src\share\vm\interpreter\linkResolver.cpp, line 1185]
Event: 0.795 Thread 0x0000000019d77800 Exception <a 'java/lang/NullPointerException'> (0x00000000d6eba2f0) thrown at [C:\re\workspace\8-2-build-windows-amd64-cygwin\jdk8u181\11358\hotspot\src\share\vm\interpreter\linkResolver.cpp, line 1185]
Event: 0.796 Thread 0x0000000019d77800 Exception <a 'java/lang/NullPointerException'> (0x00000000d6eba2f0) thrown at [C:\re\workspace\8-2-build-windows-amd64-cygwin\jdk8u181\11358\hotspot\src\share\vm\prims\jvm.cpp, line 1439]
Event: 0.868 Thread 0x0000000019d77800 Exception <a 'java/lang/ArrayIndexOutOfBoundsException'> (0x00000000d701cba8) thrown at [C:\re\workspace\8-2-build-windows-amd64-cygwin\jdk8u181\11358\hotspot\src\share\vm\runtime\sharedRuntime.cpp, line 605]
Event: 0.869 Thread 0x0000000019d77800 Exception <a 'java/lang/ArrayIndexOutOfBoundsException'> (0x00000000d701d898) thrown at [C:\re\workspace\8-2-build-windows-amd64-cygwin\jdk8u181\11358\hotspot\src\share\vm\runtime\sharedRuntime.cpp, line 605]
Event: 0.869 Thread 0x0000000019d77800 Exception <a 'java/lang/ArrayIndexOutOfBoundsException'> (0x00000000d701ec40) thrown at [C:\re\workspace\8-2-build-windows-amd64-cygwin\jdk8u181\11358\hotspot\src\share\vm\runtime\sharedRuntime.cpp, line 605]
Event: 2.417 Thread 0x0000000019d77800 Exception <a 'java/lang/ArrayIndexOutOfBoundsException'> (0x00000000d9381f10) thrown at [C:\re\workspace\8-2-build-windows-amd64-cygwin\jdk8u181\11358\hotspot\src\share\vm\runtime\sharedRuntime.cpp, line 605]
Event: 2.504 Thread 0x0000000019d77800 Exception <a 'java/lang/ArrayIndexOutOfBoundsException'> (0x00000000d96e4780) thrown at [C:\re\workspace\8-2-build-windows-amd64-cygwin\jdk8u181\11358\hotspot\src\share\vm\runtime\sharedRuntime.cpp, line 605]
Event: 2.927 Thread 0x0000000019d77800 Implicit null exception at 0x00000000034a5435 to 0x00000000034a5645

Events (10 events):
Event: 3.135 loading class javafx/scene/layout/HBox
Event: 3.135 loading class javafx/scene/layout/HBox done
Event: 3.137 loading class hospitalmanagement/controller/LoginPageController
Event: 3.137 loading class hospitalmanagement/controller/LoginPageController done
Event: 3.143 Thread 0x0000000019d77800 Uncommon trap: trap_request=0xffffffde fr.pc=0x00000000033dbdd4
Event: 3.143 Thread 0x0000000019d77800 DEOPT PACKING pc=0x00000000033dbdd4 sp=0x000000001b39ca30
Event: 3.143 Thread 0x0000000019d77800 DEOPT UNPACKING pc=0x000000000317583b sp=0x000000001b39ca38 mode 2
Event: 3.143 Thread 0x0000000019d77800 Uncommon trap: trap_request=0xffffffde fr.pc=0x00000000033dbdd4
Event: 3.143 Thread 0x0000000019d77800 DEOPT PACKING pc=0x00000000033dbdd4 sp=0x000000001b39ca30
Event: 3.143 Thread 0x0000000019d77800 DEOPT UNPACKING pc=0x000000000317583b sp=0x000000001b39ca38 mode 2


Dynamic libraries:
0x00007ff686c30000 - 0x00007ff686c67000 	C:\Program Files\Java\jdk1.8.0_181\jre\bin\java.exe
0x00007ffe4f560000 - 0x00007ffe4f750000 	C:\WINDOWS\SYSTEM32\ntdll.dll
0x00007ffe4dd00000 - 0x00007ffe4ddb2000 	C:\WINDOWS\System32\KERNEL32.DLL
0x00007ffe4c4f0000 - 0x00007ffe4c793000 	C:\WINDOWS\System32\KERNELBASE.dll
0x00007ffe4ec30000 - 0x00007ffe4ecd3000 	C:\WINDOWS\System32\ADVAPI32.dll
0x00007ffe4f2c0000 - 0x00007ffe4f35e000 	C:\WINDOWS\System32\msvcrt.dll
0x00007ffe4dfa0000 - 0x00007ffe4e037000 	C:\WINDOWS\System32\sechost.dll
0x00007ffe4f360000 - 0x00007ffe4f480000 	C:\WINDOWS\System32\RPCRT4.dll
0x00007ffe4e740000 - 0x00007ffe4e8d4000 	C:\WINDOWS\System32\USER32.dll
0x00007ffe4d5e0000 - 0x00007ffe4d601000 	C:\WINDOWS\System32\win32u.dll
0x00007ffe4edf0000 - 0x00007ffe4ee16000 	C:\WINDOWS\System32\GDI32.dll
0x00007ffe4d3c0000 - 0x00007ffe4d554000 	C:\WINDOWS\System32\gdi32full.dll
0x00007ffe4c9b0000 - 0x00007ffe4ca4e000 	C:\WINDOWS\System32\msvcp_win.dll
0x00007ffe4c800000 - 0x00007ffe4c8fa000 	C:\WINDOWS\System32\ucrtbase.dll
0x00007ffe3db40000 - 0x00007ffe3ddc5000 	C:\WINDOWS\WinSxS\amd64_microsoft.windows.common-controls_6595b64144ccf1df_6.0.18362.720_none_e6beb5c51314836b\COMCTL32.dll
0x00007ffe4e8f0000 - 0x00007ffe4ec26000 	C:\WINDOWS\System32\combase.dll
0x00007ffe4d560000 - 0x00007ffe4d5e0000 	C:\WINDOWS\System32\bcryptPrimitives.dll
0x00007ffe4f4f0000 - 0x00007ffe4f51e000 	C:\WINDOWS\System32\IMM32.DLL
0x0000000060530000 - 0x0000000060602000 	C:\Program Files\Java\jdk1.8.0_181\jre\bin\msvcr100.dll
0x000000005fbe0000 - 0x0000000060482000 	C:\Program Files\Java\jdk1.8.0_181\jre\bin\server\jvm.dll
0x00007ffe4f1a0000 - 0x00007ffe4f1a8000 	C:\WINDOWS\System32\PSAPI.DLL
0x00007ffe3a250000 - 0x00007ffe3a259000 	C:\WINDOWS\SYSTEM32\WSOCK32.dll
0x00007ffe4f480000 - 0x00007ffe4f4ef000 	C:\WINDOWS\System32\WS2_32.dll
0x00007ffe48400000 - 0x00007ffe48424000 	C:\WINDOWS\SYSTEM32\WINMM.dll
0x00007ffe483d0000 - 0x00007ffe483fd000 	C:\WINDOWS\SYSTEM32\winmmbase.dll
0x00007ffe41a10000 - 0x00007ffe41a1a000 	C:\WINDOWS\SYSTEM32\VERSION.dll
0x00007ffe4ca50000 - 0x00007ffe4ca9a000 	C:\WINDOWS\System32\cfgmgr32.dll
0x00000000604e0000 - 0x00000000604ef000 	C:\Program Files\Java\jdk1.8.0_181\jre\bin\verify.dll
0x000000005fbb0000 - 0x000000005fbd9000 	C:\Program Files\Java\jdk1.8.0_181\jre\bin\java.dll
0x00000000604c0000 - 0x00000000604d6000 	C:\Program Files\Java\jdk1.8.0_181\jre\bin\zip.dll
0x00007ffe4d610000 - 0x00007ffe4dcf5000 	C:\WINDOWS\System32\SHELL32.dll
0x00007ffe4ed40000 - 0x00007ffe4ede9000 	C:\WINDOWS\System32\shcore.dll
0x00007ffe4cbf0000 - 0x00007ffe4d370000 	C:\WINDOWS\System32\windows.storage.dll
0x00007ffe4c4c0000 - 0x00007ffe4c4e3000 	C:\WINDOWS\System32\profapi.dll
0x00007ffe4c470000 - 0x00007ffe4c4ba000 	C:\WINDOWS\System32\powrprof.dll
0x00007ffe4c420000 - 0x00007ffe4c430000 	C:\WINDOWS\System32\UMPDC.dll
0x00007ffe4f260000 - 0x00007ffe4f2b2000 	C:\WINDOWS\System32\shlwapi.dll
0x00007ffe4c450000 - 0x00007ffe4c461000 	C:\WINDOWS\System32\kernel.appcore.dll
0x00007ffe4d370000 - 0x00007ffe4d387000 	C:\WINDOWS\System32\cryptsp.dll
0x0000000002d80000 - 0x0000000002d83000 	C:\Program Files\Java\jdk1.8.0_181\jre\bin\api-ms-win-core-console-l1-1-0.dll
0x0000000002d90000 - 0x0000000002d93000 	C:\Program Files\Java\jdk1.8.0_181\jre\bin\api-ms-win-core-datetime-l1-1-0.dll
0x0000000002eb0000 - 0x0000000002eb3000 	C:\Program Files\Java\jdk1.8.0_181\jre\bin\api-ms-win-core-debug-l1-1-0.dll
0x0000000002ec0000 - 0x0000000002ec3000 	C:\Program Files\Java\jdk1.8.0_181\jre\bin\api-ms-win-core-errorhandling-l1-1-0.dll
0x0000000002ed0000 - 0x0000000002ed4000 	C:\Program Files\Java\jdk1.8.0_181\jre\bin\api-ms-win-core-file-l1-1-0.dll
0x0000000002ee0000 - 0x0000000002ee3000 	C:\Program Files\Java\jdk1.8.0_181\jre\bin\api-ms-win-core-file-l1-2-0.dll
0x0000000002ef0000 - 0x0000000002ef3000 	C:\Program Files\Java\jdk1.8.0_181\jre\bin\api-ms-win-core-file-l2-1-0.dll
0x0000000002f00000 - 0x0000000002f03000 	C:\Program Files\Java\jdk1.8.0_181\jre\bin\api-ms-win-core-handle-l1-1-0.dll
0x0000000002f10000 - 0x0000000002f13000 	C:\Program Files\Java\jdk1.8.0_181\jre\bin\api-ms-win-core-heap-l1-1-0.dll
0x0000000019b70000 - 0x0000000019b73000 	C:\Program Files\Java\jdk1.8.0_181\jre\bin\api-ms-win-core-interlocked-l1-1-0.dll
0x0000000019b80000 - 0x0000000019b83000 	C:\Program Files\Java\jdk1.8.0_181\jre\bin\api-ms-win-core-libraryloader-l1-1-0.dll
0x0000000019b90000 - 0x0000000019b93000 	C:\Program Files\Java\jdk1.8.0_181\jre\bin\api-ms-win-core-localization-l1-2-0.dll
0x0000000019ba0000 - 0x0000000019ba3000 	C:\Program Files\Java\jdk1.8.0_181\jre\bin\api-ms-win-core-memory-l1-1-0.dll
0x0000000019bb0000 - 0x0000000019bb3000 	C:\Program Files\Java\jdk1.8.0_181\jre\bin\api-ms-win-core-namedpipe-l1-1-0.dll
0x0000000019bc0000 - 0x0000000019bc3000 	C:\Program Files\Java\jdk1.8.0_181\jre\bin\api-ms-win-core-processenvironment-l1-1-0.dll
0x0000000019bd0000 - 0x0000000019bd3000 	C:\Program Files\Java\jdk1.8.0_181\jre\bin\api-ms-win-core-processthreads-l1-1-0.dll
0x0000000019be0000 - 0x0000000019be3000 	C:\Program Files\Java\jdk1.8.0_181\jre\bin\api-ms-win-core-processthreads-l1-1-1.dll
0x0000000019bf0000 - 0x0000000019bf3000 	C:\Program Files\Java\jdk1.8.0_181\jre\bin\api-ms-win-core-profile-l1-1-0.dll
0x0000000019c00000 - 0x0000000019c03000 	C:\Program Files\Java\jdk1.8.0_181\jre\bin\api-ms-win-core-rtlsupport-l1-1-0.dll
0x0000000019c10000 - 0x0000000019c13000 	C:\Program Files\Java\jdk1.8.0_181\jre\bin\api-ms-win-core-string-l1-1-0.dll
0x0000000019c20000 - 0x0000000019c23000 	C:\Program Files\Java\jdk1.8.0_181\jre\bin\api-ms-win-core-synch-l1-1-0.dll
0x0000000019c30000 - 0x0000000019c33000 	C:\Program Files\Java\jdk1.8.0_181\jre\bin\api-ms-win-core-synch-l1-2-0.dll
0x0000000019c40000 - 0x0000000019c43000 	C:\Program Files\Java\jdk1.8.0_181\jre\bin\api-ms-win-core-sysinfo-l1-1-0.dll
0x0000000019c50000 - 0x0000000019c53000 	C:\Program Files\Java\jdk1.8.0_181\jre\bin\api-ms-win-core-timezone-l1-1-0.dll
0x0000000019c60000 - 0x0000000019c63000 	C:\Program Files\Java\jdk1.8.0_181\jre\bin\api-ms-win-core-util-l1-1-0.dll
0x0000000019c70000 - 0x0000000019c73000 	C:\Program Files\Java\jdk1.8.0_181\jre\bin\api-ms-win-crt-conio-l1-1-0.dll
0x0000000019c80000 - 0x0000000019c84000 	C:\Program Files\Java\jdk1.8.0_181\jre\bin\api-ms-win-crt-convert-l1-1-0.dll
0x0000000019c90000 - 0x0000000019c93000 	C:\Program Files\Java\jdk1.8.0_181\jre\bin\api-ms-win-crt-environment-l1-1-0.dll
0x0000000019ca0000 - 0x0000000019ca3000 	C:\Program Files\Java\jdk1.8.0_181\jre\bin\api-ms-win-crt-filesystem-l1-1-0.dll
0x0000000019cb0000 - 0x0000000019cb3000 	C:\Program Files\Java\jdk1.8.0_181\jre\bin\api-ms-win-crt-heap-l1-1-0.dll
0x0000000019cc0000 - 0x0000000019cc3000 	C:\Program Files\Java\jdk1.8.0_181\jre\bin\api-ms-win-crt-locale-l1-1-0.dll
0x0000000019cd0000 - 0x0000000019cd5000 	C:\Program Files\Java\jdk1.8.0_181\jre\bin\api-ms-win-crt-math-l1-1-0.dll
0x0000000019ce0000 - 0x0000000019ce5000 	C:\Program Files\Java\jdk1.8.0_181\jre\bin\api-ms-win-crt-multibyte-l1-1-0.dll
0x0000000019cf0000 - 0x0000000019d00000 	C:\Program Files\Java\jdk1.8.0_181\jre\bin\api-ms-win-crt-private-l1-1-0.dll
0x0000000019d00000 - 0x0000000019d03000 	C:\Program Files\Java\jdk1.8.0_181\jre\bin\api-ms-win-crt-process-l1-1-0.dll
0x0000000019d10000 - 0x0000000019d14000 	C:\Program Files\Java\jdk1.8.0_181\jre\bin\api-ms-win-crt-runtime-l1-1-0.dll
0x0000000019d20000 - 0x0000000019d24000 	C:\Program Files\Java\jdk1.8.0_181\jre\bin\api-ms-win-crt-stdio-l1-1-0.dll
0x0000000019d30000 - 0x0000000019d34000 	C:\Program Files\Java\jdk1.8.0_181\jre\bin\api-ms-win-crt-string-l1-1-0.dll
0x0000000019d40000 - 0x0000000019d43000 	C:\Program Files\Java\jdk1.8.0_181\jre\bin\api-ms-win-crt-time-l1-1-0.dll
0x0000000019d50000 - 0x0000000019d53000 	C:\Program Files\Java\jdk1.8.0_181\jre\bin\api-ms-win-crt-utility-l1-1-0.dll
0x00007ffdf8e20000 - 0x00007ffdf8f16000 	C:\Program Files\Java\jdk1.8.0_181\jre\bin\ucrtbase.dll
0x00007ffe1b350000 - 0x00007ffe1b366000 	C:\Program Files\Java\jdk1.8.0_181\jre\bin\vcruntime140.dll
0x00007ffdfc3e0000 - 0x00007ffdfc47c000 	C:\Program Files\Java\jdk1.8.0_181\jre\bin\msvcp140.dll
0x00007ffe009a0000 - 0x00007ffe009f1000 	C:\Program Files\Java\jdk1.8.0_181\jre\bin\concrt140.dll
0x000000005ea20000 - 0x000000005ea43000 	C:\Program Files\Java\jdk1.8.0_181\jre\bin\prism_d3d.dll
0x00007ffe11b00000 - 0x00007ffe11cc7000 	C:\WINDOWS\system32\d3d9.dll
0x00007ffe4a850000 - 0x00007ffe4a87d000 	C:\WINDOWS\SYSTEM32\dwmapi.dll
0x00007ffe4b070000 - 0x00007ffe4b090000 	C:\WINDOWS\SYSTEM32\dxcore.dll
0x00007ffe4a6e0000 - 0x00007ffe4a779000 	C:\WINDOWS\system32\uxtheme.dll
0x00007ffe11090000 - 0x00007ffe11afd000 	C:\WINDOWS\SYSTEM32\igdumdim64.dll
0x00007ffe41e40000 - 0x00007ffe422a5000 	C:\WINDOWS\SYSTEM32\igdusc64.dll
0x000000005e9d0000 - 0x000000005ea19000 	C:\Program Files\Java\jdk1.8.0_181\jre\bin\glass.dll
0x00007ffe4e5a0000 - 0x00007ffe4e670000 	C:\WINDOWS\System32\COMDLG32.dll
0x00007ffe4de40000 - 0x00007ffe4df97000 	C:\WINDOWS\System32\ole32.dll
0x00007ffe4e670000 - 0x00007ffe4e734000 	C:\WINDOWS\System32\OLEAUT32.dll
0x00007ffe4ee20000 - 0x00007ffe4ef56000 	C:\WINDOWS\System32\MSCTF.dll
0x00007ffe3d3e0000 - 0x00007ffe3d3f8000 	C:\Program Files (x86)\Smadav\SmadHook64c.dll
0x00007ffe4c7a0000 - 0x00007ffe4c7fc000 	C:\WINDOWS\System32\WINTRUST.dll
0x00007ffe4c430000 - 0x00007ffe4c442000 	C:\WINDOWS\System32\MSASN1.dll
0x00007ffe4caa0000 - 0x00007ffe4cbe9000 	C:\WINDOWS\System32\CRYPT32.dll
0x000000005e9b0000 - 0x000000005e9c4000 	C:\Program Files\Java\jdk1.8.0_181\jre\bin\javafx_font.dll
0x00007ffe3eac0000 - 0x00007ffe3edbe000 	C:\WINDOWS\SYSTEM32\dwrite.dll
0x00007ffe4f1b0000 - 0x00007ffe4f252000 	C:\WINDOWS\System32\clbcatq.dll
0x00007ffe46ba0000 - 0x00007ffe46d4f000 	C:\WINDOWS\SYSTEM32\WindowsCodecs.dll
0x00007ffe19190000 - 0x00007ffe191ca000 	C:\WINDOWS\system32\dataexchange.dll
0x00007ffe49630000 - 0x00007ffe4988b000 	C:\WINDOWS\system32\d3d11.dll
0x00007ffe49cf0000 - 0x00007ffe49ecb000 	C:\WINDOWS\system32\dcomp.dll
0x00007ffe4b100000 - 0x00007ffe4b1eb000 	C:\WINDOWS\system32\dxgi.dll
0x00007ffe4a930000 - 0x00007ffe4ab8a000 	C:\WINDOWS\system32\twinapi.appcore.dll
0x00007ffe4ad60000 - 0x00007ffe4ad89000 	C:\WINDOWS\system32\RMCLIENT.dll
0x00007ffe0aea0000 - 0x00007ffe0aed3000 	C:\Program Files\Common Files\Microsoft Shared\Ink\rtscom.dll
0x00007ffe40bb0000 - 0x00007ffe40c4e000 	C:\WINDOWS\System32\TextInputFramework.dll
0x00007ffe46f10000 - 0x00007ffe4723a000 	C:\WINDOWS\System32\CoreUIComponents.dll
0x00007ffe4a240000 - 0x00007ffe4a314000 	C:\WINDOWS\System32\CoreMessaging.dll
0x00007ffe4b460000 - 0x00007ffe4b491000 	C:\WINDOWS\SYSTEM32\ntmarta.dll
0x00007ffe48200000 - 0x00007ffe48353000 	C:\WINDOWS\SYSTEM32\wintypes.dll
0x00007ffe3f660000 - 0x00007ffe3f906000 	C:\WINDOWS\System32\iertutil.dll

VM Arguments:
jvm_args: -Dfile.encoding=UTF-8 
java_command: C:\Users\EddyF\OneDrive\Documents\NetBeansProjects\HospitalManagement\dist\run24862996\HospitalManagement.jar
java_class_path (initial): C:\Users\EddyF\OneDrive\Documents\NetBeansProjects\HospitalManagement\dist\run24862996\HospitalManagement.jar
Launcher Type: SUN_STANDARD

Environment Variables:
JAVA_HOME=C:\Program Files\Java\jdk1.8.0_181\bin
CLASSPATH=%CLASSPATH%;%JUNIT_HOME%\junit-4.12.jar;C:\Junit\junit-4.12.jar;C:\Junit\junit-4.12.jar
USERNAME=EddyF
OS=Windows_NT
PROCESSOR_IDENTIFIER=Intel64 Family 6 Model 58 Stepping 9, GenuineIntel



---------------  S Y S T E M  ---------------

OS: Windows 10.0 , 64 bit Build 18362 (10.0.18362.329)

CPU:total 4 (initial active 4) (2 cores per cpu, 2 threads per core) family 6 model 58 stepping 9, cmov, cx8, fxsr, mmx, sse, sse2, sse3, ssse3, sse4.1, sse4.2, popcnt, avx, aes, clmul, erms, ht, tsc, tscinvbit, tscinv

Memory: 4k page, physical 8248816k(1349164k free), swap 9639340k(5828k free)

vm_info: Java HotSpot(TM) 64-Bit Server VM (25.181-b13) for windows-amd64 JRE (1.8.0_181-b13), built on Jul  7 2018 04:01:33 by "java_re" with MS VC++ 10.0 (VS2010)

time: Thu Apr 23 21:21:42 2020
elapsed time: 3 seconds (0d 0h 0m 3s)

