#
# There is insufficient memory for the Java Runtime Environment to continue.
# Native memory allocation (malloc) failed to allocate 167216 bytes for Chunk::new
# Possible reasons:
#   The system is out of physical RAM or swap space
#   In 32 bit mode, the process size limit was hit
# Possible solutions:
#   Reduce memory load on the system
#   Increase physical memory or swap space
#   Check if swap backing store is full
#   Use 64 bit Java on a 64 bit OS
#   Decrease Java heap size (-Xmx/-Xms)
#   Decrease number of Java threads
#   Decrease Java thread stack sizes (-Xss)
#   Set larger code cache with -XX:ReservedCodeCacheSize=
# This output file may be truncated or incomplete.
#
#  Out of Memory Error (allocation.cpp:390), pid=2232, tid=0x0000000000001a78
#
# JRE version: Java(TM) SE Runtime Environment (8.0_181-b13) (build 1.8.0_181-b13)
# Java VM: Java HotSpot(TM) 64-Bit Server VM (25.181-b13 mixed mode windows-amd64 compressed oops)
# Failed to write core dump. Minidumps are not enabled by default on client versions of Windows
#

---------------  T H R E A D  ---------------

Current thread (0x0000000017af2800):  JavaThread "C2 CompilerThread0" daemon [_thread_in_native, id=6776, stack(0x0000000019140000,0x0000000019240000)]

Stack: [0x0000000019140000,0x0000000019240000]
[error occurred during error reporting (printing stack bounds), id 0xc0000005]

Native frames: (J=compiled Java code, j=interpreted, Vv=VM code, C=native code)


Current CompileTask:
C2:  17845 3581       4       javafx.scene.Node::updateBounds (174 bytes)


---------------  P R O C E S S  ---------------

Java Threads: ( => current thread )
  0x0000000019533000 JavaThread "mysql-cj-abandoned-connection-cleanup" daemon [_thread_blocked, id=12664, stack(0x0000000027360000,0x0000000027460000)]
  0x000000001ab3d800 JavaThread "Prism Font Disposer" daemon [_thread_blocked, id=14140, stack(0x000000001df80000,0x000000001e080000)]
  0x000000001a928000 JavaThread "JavaFX-Launcher" [_thread_blocked, id=13660, stack(0x000000001d360000,0x000000001d460000)]
  0x000000001983e000 JavaThread "Thread-2" daemon [_thread_in_native, id=9076, stack(0x000000001d1a0000,0x000000001d2a0000)]
  0x00000000197d2800 JavaThread "JavaFX Application Thread" [_thread_blocked, id=1320, stack(0x000000001a820000,0x000000001a920000)]
  0x00000000197c3000 JavaThread "Thread-1" daemon [_thread_blocked, id=13444, stack(0x000000001a720000,0x000000001a820000)]
  0x00000000197a6000 JavaThread "QuantumRenderer-0" daemon [_thread_in_native, id=10572, stack(0x0000000019b60000,0x0000000019c60000)]
  0x0000000017b4e000 JavaThread "Service Thread" daemon [_thread_blocked, id=12568, stack(0x0000000019840000,0x0000000019940000)]
  0x0000000017b06800 JavaThread "C1 CompilerThread2" daemon [_thread_blocked, id=7600, stack(0x0000000019340000,0x0000000019440000)]
  0x0000000017af6800 JavaThread "C2 CompilerThread1" daemon [_thread_blocked, id=7876, stack(0x0000000019240000,0x0000000019340000)]
=>0x0000000017af2800 JavaThread "C2 CompilerThread0" daemon [_thread_in_native, id=6776, stack(0x0000000019140000,0x0000000019240000)]
  0x0000000017af1000 JavaThread "Attach Listener" daemon [_thread_blocked, id=10280, stack(0x0000000019040000,0x0000000019140000)]
  0x0000000017aed800 JavaThread "Signal Dispatcher" daemon [_thread_blocked, id=13552, stack(0x0000000018f40000,0x0000000019040000)]
  0x0000000003018800 JavaThread "Finalizer" daemon [_thread_blocked, id=12852, stack(0x0000000018d40000,0x0000000018e40000)]
  0x0000000003013000 JavaThread "Reference Handler" daemon [_thread_blocked, id=14516, stack(0x0000000018c40000,0x0000000018d40000)]
  0x0000000002f22800 JavaThread "main" [_thread_blocked, id=12896, stack(0x0000000002e20000,0x0000000002f20000)]

Other Threads:
  0x0000000017ab7000 VMThread [stack: 0x0000000018b40000,0x0000000018c40000] [id=14688]
  0x0000000019475000 WatcherThread [stack: 0x0000000019940000,0x0000000019a40000] [id=11776]

VM state:not at safepoint (normal execution)

VM Mutex/Monitor currently owned by a thread: None

Heap:
 PSYoungGen      total 357888K, used 65516K [0x00000000d6100000, 0x00000000f3680000, 0x0000000100000000)
  eden space 281088K, 23% used [0x00000000d6100000,0x00000000da0fb278,0x00000000e7380000)
  from space 76800K, 0% used [0x00000000ecb00000,0x00000000ecb00000,0x00000000f1600000)
  to   space 89600K, 0% used [0x00000000e7380000,0x00000000e7380000,0x00000000ecb00000)
 ParOldGen       total 939520K, used 680601K [0x0000000082200000, 0x00000000bb780000, 0x00000000d6100000)
  object space 939520K, 72% used [0x0000000082200000,0x00000000abaa6660,0x00000000bb780000)
 Metaspace       used 23837K, capacity 24828K, committed 24960K, reserved 1071104K
  class space    used 3214K, capacity 3446K, committed 3456K, reserved 1048576K

Card table byte_map: [0x00000000123e0000,0x00000000127d0000] byte_map_base: 0x0000000011fcf000

Marking Bits: (ParMarkBitMap*) 0x0000000063342d00
 Begin Bits: [0x0000000012e70000, 0x0000000014de8000)
 End Bits:   [0x0000000014de8000, 0x0000000016d60000)

Polling page: 0x0000000001480000

CodeCache: size=245760Kb used=10797Kb max_used=10797Kb free=234962Kb
 bounds [0x0000000003020000, 0x0000000003ac0000, 0x0000000012020000]
 total_blobs=4143 nmethods=3394 adapters=660
 compilation: enabled

Compilation events (10 events):
Event: 17.815 Thread 0x0000000017af6800 3599       4       com.sun.prism.impl.VertexBuffer::addSuperQuad (551 bytes)
Event: 17.815 Thread 0x0000000017b06800 3600       1       com.sun.javafx.geom.Path2D::getWindingRule (5 bytes)
Event: 17.816 Thread 0x0000000017b06800 nmethod 3600 0x0000000003ab0090 code [0x0000000003ab01e0, 0x0000000003ab02f0]
Event: 17.822 Thread 0x0000000017af6800 nmethod 3599 0x0000000003ab1d10 code [0x0000000003ab1e80, 0x0000000003ab2218]
Event: 17.831 Thread 0x0000000017b06800 3601   !   3       java.io.PrintStream::write (83 bytes)
Event: 17.832 Thread 0x0000000017b06800 nmethod 3601 0x0000000003ab24d0 code [0x0000000003ab2700, 0x0000000003ab3288]
Event: 17.832 Thread 0x0000000017b06800 3602   !   3       java.io.PrintStream::newLine (73 bytes)
Event: 17.833 Thread 0x0000000017b06800 nmethod 3602 0x0000000003aaed50 code [0x0000000003aaef60, 0x0000000003aaf978]
Event: 17.833 Thread 0x0000000017b06800 3603       3       java.io.BufferedWriter::newLine (9 bytes)
Event: 17.834 Thread 0x0000000017b06800 nmethod 3603 0x0000000003ab3a10 code [0x0000000003ab3b80, 0x0000000003ab3ee8]

GC Heap History (10 events):
Event: 3.225 GC heap before
{Heap before GC invocations=10 (full 4):
 PSYoungGen      total 208896K, used 17359K [0x00000000d6100000, 0x00000000e5a00000, 0x0000000100000000)
  eden space 190976K, 0% used [0x00000000d6100000,0x00000000d6100000,0x00000000e1b80000)
  from space 17920K, 96% used [0x00000000e3100000,0x00000000e41f3d20,0x00000000e4280000)
  to   space 22016K, 0% used [0x00000000e1b80000,0x00000000e1b80000,0x00000000e3100000)
 ParOldGen       total 453120K, used 358138K [0x0000000082200000, 0x000000009dc80000, 0x00000000d6100000)
  object space 453120K, 79% used [0x0000000082200000,0x0000000097fbeac8,0x000000009dc80000)
 Metaspace       used 14678K, capacity 15250K, committed 15360K, reserved 1062912K
  class space    used 2072K, capacity 2231K, committed 2304K, reserved 1048576K
Event: 3.278 GC heap after
Heap after GC invocations=10 (full 4):
 PSYoungGen      total 208896K, used 0K [0x00000000d6100000, 0x00000000e5a00000, 0x0000000100000000)
  eden space 190976K, 0% used [0x00000000d6100000,0x00000000d6100000,0x00000000e1b80000)
  from space 17920K, 0% used [0x00000000e3100000,0x00000000e3100000,0x00000000e4280000)
  to   space 22016K, 0% used [0x00000000e1b80000,0x00000000e1b80000,0x00000000e3100000)
 ParOldGen       total 577024K, used 375229K [0x0000000082200000, 0x00000000a5580000, 0x00000000d6100000)
  object space 577024K, 65% used [0x0000000082200000,0x000000009906f680,0x00000000a5580000)
 Metaspace       used 14678K, capacity 15250K, committed 15360K, reserved 1062912K
  class space    used 2072K, capacity 2231K, committed 2304K, reserved 1048576K
}
Event: 15.042 GC heap before
{Heap before GC invocations=11 (full 4):
 PSYoungGen      total 208896K, used 174475K [0x00000000d6100000, 0x00000000e5a00000, 0x0000000100000000)
  eden space 190976K, 91% used [0x00000000d6100000,0x00000000e0b62eb0,0x00000000e1b80000)
  from space 17920K, 0% used [0x00000000e3100000,0x00000000e3100000,0x00000000e4280000)
  to   space 22016K, 0% used [0x00000000e1b80000,0x00000000e1b80000,0x00000000e3100000)
 ParOldGen       total 577024K, used 375229K [0x0000000082200000, 0x00000000a5580000, 0x00000000d6100000)
  object space 577024K, 65% used [0x0000000082200000,0x000000009906f680,0x00000000a5580000)
 Metaspace       used 23473K, capacity 24374K, committed 24448K, reserved 1071104K
  class space    used 3177K, capacity 3405K, committed 3456K, reserved 1048576K
Event: 15.134 GC heap after
Heap after GC invocations=11 (full 4):
 PSYoungGen      total 212992K, used 22002K [0x00000000d6100000, 0x00000000f1600000, 0x0000000100000000)
  eden space 190976K, 0% used [0x00000000d6100000,0x00000000d6100000,0x00000000e1b80000)
  from space 22016K, 99% used [0x00000000e1b80000,0x00000000e30fc808,0x00000000e3100000)
  to   space 76800K, 0% used [0x00000000ecb00000,0x00000000ecb00000,0x00000000f1600000)
 ParOldGen       total 577024K, used 475212K [0x0000000082200000, 0x00000000a5580000, 0x00000000d6100000)
  object space 577024K, 82% used [0x0000000082200000,0x000000009f213368,0x00000000a5580000)
 Metaspace       used 23473K, capacity 24374K, committed 24448K, reserved 1071104K
  class space    used 3177K, capacity 3405K, committed 3456K, reserved 1048576K
}
Event: 15.134 GC heap before
{Heap before GC invocations=12 (full 5):
 PSYoungGen      total 212992K, used 22002K [0x00000000d6100000, 0x00000000f1600000, 0x0000000100000000)
  eden space 190976K, 0% used [0x00000000d6100000,0x00000000d6100000,0x00000000e1b80000)
  from space 22016K, 99% used [0x00000000e1b80000,0x00000000e30fc808,0x00000000e3100000)
  to   space 76800K, 0% used [0x00000000ecb00000,0x00000000ecb00000,0x00000000f1600000)
 ParOldGen       total 577024K, used 475212K [0x0000000082200000, 0x00000000a5580000, 0x00000000d6100000)
  object space 577024K, 82% used [0x0000000082200000,0x000000009f213368,0x00000000a5580000)
 Metaspace       used 23473K, capacity 24374K, committed 24448K, reserved 1071104K
  class space    used 3177K, capacity 3405K, committed 3456K, reserved 1048576K
Event: 15.202 GC heap after
Heap after GC invocations=12 (full 5):
 PSYoungGen      total 212992K, used 0K [0x00000000d6100000, 0x00000000f1600000, 0x0000000100000000)
  eden space 190976K, 0% used [0x00000000d6100000,0x00000000d6100000,0x00000000e1b80000)
  from space 22016K, 0% used [0x00000000e1b80000,0x00000000e1b80000,0x00000000e3100000)
  to   space 76800K, 0% used [0x00000000ecb00000,0x00000000ecb00000,0x00000000f1600000)
 ParOldGen       total 719872K, used 493128K [0x0000000082200000, 0x00000000ae100000, 0x00000000d6100000)
  object space 719872K, 68% used [0x0000000082200000,0x00000000a0392198,0x00000000ae100000)
 Metaspace       used 23473K, capacity 24374K, committed 24448K, reserved 1071104K
  class space    used 3177K, capacity 3405K, committed 3456K, reserved 1048576K
}
Event: 16.322 GC heap before
{Heap before GC invocations=13 (full 5):
 PSYoungGen      total 212992K, used 190976K [0x00000000d6100000, 0x00000000f1600000, 0x0000000100000000)
  eden space 190976K, 100% used [0x00000000d6100000,0x00000000e1b80000,0x00000000e1b80000)
  from space 22016K, 0% used [0x00000000e1b80000,0x00000000e1b80000,0x00000000e3100000)
  to   space 76800K, 0% used [0x00000000ecb00000,0x00000000ecb00000,0x00000000f1600000)
 ParOldGen       total 719872K, used 493128K [0x0000000082200000, 0x00000000ae100000, 0x00000000d6100000)
  object space 719872K, 68% used [0x0000000082200000,0x00000000a0392198,0x00000000ae100000)
 Metaspace       used 23504K, capacity 24380K, committed 24448K, reserved 1071104K
  class space    used 3180K, capacity 3406K, committed 3456K, reserved 1048576K
Event: 16.406 GC heap after
Heap after GC invocations=13 (full 5):
 PSYoungGen      total 357888K, used 68029K [0x00000000d6100000, 0x00000000f3680000, 0x0000000100000000)
  eden space 281088K, 0% used [0x00000000d6100000,0x00000000d6100000,0x00000000e7380000)
  from space 76800K, 88% used [0x00000000ecb00000,0x00000000f0d6f690,0x00000000f1600000)
  to   space 89600K, 0% used [0x00000000e7380000,0x00000000e7380000,0x00000000ecb00000)
 ParOldGen       total 719872K, used 614748K [0x0000000082200000, 0x00000000ae100000, 0x00000000d6100000)
  object space 719872K, 85% used [0x0000000082200000,0x00000000a7a570b8,0x00000000ae100000)
 Metaspace       used 23504K, capacity 24380K, committed 24448K, reserved 1071104K
  class space    used 3180K, capacity 3406K, committed 3456K, reserved 1048576K
}
Event: 16.406 GC heap before
{Heap before GC invocations=14 (full 6):
 PSYoungGen      total 357888K, used 68029K [0x00000000d6100000, 0x00000000f3680000, 0x0000000100000000)
  eden space 281088K, 0% used [0x00000000d6100000,0x00000000d6100000,0x00000000e7380000)
  from space 76800K, 88% used [0x00000000ecb00000,0x00000000f0d6f690,0x00000000f1600000)
  to   space 89600K, 0% used [0x00000000e7380000,0x00000000e7380000,0x00000000ecb00000)
 ParOldGen       total 719872K, used 614748K [0x0000000082200000, 0x00000000ae100000, 0x00000000d6100000)
  object space 719872K, 85% used [0x0000000082200000,0x00000000a7a570b8,0x00000000ae100000)
 Metaspace       used 23504K, capacity 24380K, committed 24448K, reserved 1071104K
  class space    used 3180K, capacity 3406K, committed 3456K, reserved 1048576K
Event: 16.495 GC heap after
Heap after GC invocations=14 (full 6):
 PSYoungGen      total 357888K, used 0K [0x00000000d6100000, 0x00000000f3680000, 0x0000000100000000)
  eden space 281088K, 0% used [0x00000000d6100000,0x00000000d6100000,0x00000000e7380000)
  from space 76800K, 0% used [0x00000000ecb00000,0x00000000ecb00000,0x00000000f1600000)
  to   space 89600K, 0% used [0x00000000e7380000,0x00000000e7380000,0x00000000ecb00000)
 ParOldGen       total 939520K, used 680601K [0x0000000082200000, 0x00000000bb780000, 0x00000000d6100000)
  object space 939520K, 72% used [0x0000000082200000,0x00000000abaa6660,0x00000000bb780000)
 Metaspace       used 23504K, capacity 24380K, committed 24448K, reserved 1071104K
  class space    used 3180K, capacity 3406K, committed 3456K, reserved 1048576K
}

Deoptimization events (10 events):
Event: 14.488 Thread 0x00000000197d2800 Uncommon trap: reason=array_check action=maybe_recompile pc=0x000000000396854c method=com.sun.javafx.css.SimpleSelector.applies(Ljavafx/css/Styleable;[Ljava/util/Set;I)Z @ 37
Event: 14.528 Thread 0x00000000197d2800 Uncommon trap: reason=unstable_if action=reinterpret pc=0x000000000342be64 method=java.io.SequenceInputStream.read([BII)I @ 65
Event: 16.306 Thread 0x00000000197d2800 Uncommon trap: reason=unstable_if action=reinterpret pc=0x0000000003930954 method=com.sun.javafx.css.SimpleSelector.applies(Ljavafx/css/Styleable;)Z @ 62
Event: 16.314 Thread 0x00000000197d2800 Uncommon trap: reason=unstable_if action=reinterpret pc=0x0000000003781214 method=java.lang.StrictMath.floorOrCeil(DDDD)D @ 38
Event: 17.028 Thread 0x00000000197d2800 Uncommon trap: reason=class_check action=maybe_recompile pc=0x0000000003770eb4 method=com.sun.scenario.animation.shared.GeneralClipInterpolator.interpolate(J)V @ 83
Event: 17.029 Thread 0x00000000197d2800 Uncommon trap: reason=class_check action=maybe_recompile pc=0x0000000003770eb4 method=com.sun.scenario.animation.shared.GeneralClipInterpolator.interpolate(J)V @ 83
Event: 17.084 Thread 0x00000000197a6000 Uncommon trap: reason=unstable_if action=reinterpret pc=0x0000000003796f8c method=com.sun.javafx.sg.prism.NGNode.doRender(Lcom/sun/prism/Graphics;)V @ 305
Event: 17.154 Thread 0x00000000197d2800 Uncommon trap: reason=class_check action=maybe_recompile pc=0x0000000003770eb4 method=com.sun.scenario.animation.shared.GeneralClipInterpolator.interpolate(J)V @ 83
Event: 17.330 Thread 0x00000000197a6000 Uncommon trap: reason=class_check action=maybe_recompile pc=0x00000000037e2d14 method=com.sun.javafx.sg.prism.NGNode.getOpaqueRegion()Lcom/sun/javafx/geom/RectBounds; @ 56
Event: 17.331 Thread 0x00000000197d2800 Uncommon trap: reason=class_check action=maybe_recompile pc=0x0000000003770eb4 method=com.sun.scenario.animation.shared.GeneralClipInterpolator.interpolate(J)V @ 83

Classes redefined (0 events):
No events

Internal exceptions (10 events):
Event: 17.550 Thread 0x00000000197a6000 Implicit null exception at 0x0000000003623fc7 to 0x0000000003624a3a
Event: 17.550 Thread 0x00000000197a6000 Exception <a 'java/lang/NullPointerException'> (0x00000000d9e87920) thrown at [C:\re\workspace\8-2-build-windows-amd64-cygwin\jdk8u181\11358\hotspot\src\share\vm\runtime\sharedRuntime.cpp, line 605]
Event: 17.657 Thread 0x00000000197a6000 Implicit null exception at 0x0000000003623fc7 to 0x0000000003624a3a
Event: 17.657 Thread 0x00000000197a6000 Exception <a 'java/lang/NullPointerException'> (0x00000000d9e96e80) thrown at [C:\re\workspace\8-2-build-windows-amd64-cygwin\jdk8u181\11358\hotspot\src\share\vm\runtime\sharedRuntime.cpp, line 605]
Event: 17.690 Thread 0x00000000197a6000 Implicit null exception at 0x0000000003623fc7 to 0x0000000003624a3a
Event: 17.690 Thread 0x00000000197a6000 Exception <a 'java/lang/NullPointerException'> (0x00000000d9ea63a0) thrown at [C:\re\workspace\8-2-build-windows-amd64-cygwin\jdk8u181\11358\hotspot\src\share\vm\runtime\sharedRuntime.cpp, line 605]
Event: 17.739 Thread 0x00000000197a6000 Implicit null exception at 0x0000000003623fc7 to 0x0000000003624a3a
Event: 17.739 Thread 0x00000000197a6000 Exception <a 'java/lang/NullPointerException'> (0x00000000d9eb58c0) thrown at [C:\re\workspace\8-2-build-windows-amd64-cygwin\jdk8u181\11358\hotspot\src\share\vm\runtime\sharedRuntime.cpp, line 605]
Event: 17.817 Thread 0x00000000197a6000 Implicit null exception at 0x0000000003623fc7 to 0x0000000003624a3a
Event: 17.817 Thread 0x00000000197a6000 Exception <a 'java/lang/NullPointerException'> (0x00000000d9ec4de0) thrown at [C:\re\workspace\8-2-build-windows-amd64-cygwin\jdk8u181\11358\hotspot\src\share\vm\runtime\sharedRuntime.cpp, line 605]

Events (10 events):
Event: 17.326 loading class java/lang/Throwable$WrappedPrintStream
Event: 17.327 loading class java/lang/Throwable$WrappedPrintStream done
Event: 17.329 Executing VM operation: RevokeBias
Event: 17.329 Executing VM operation: RevokeBias done
Event: 17.330 Thread 0x00000000197a6000 Uncommon trap: trap_request=0xffffffde fr.pc=0x00000000037e2d14
Event: 17.330 Thread 0x00000000197a6000 DEOPT PACKING pc=0x00000000037e2d14 sp=0x0000000019c5e920
Event: 17.330 Thread 0x00000000197a6000 DEOPT UNPACKING pc=0x000000000306583b sp=0x0000000019c5e840 mode 2
Event: 17.331 Thread 0x00000000197d2800 Uncommon trap: trap_request=0xffffffde fr.pc=0x0000000003770eb4
Event: 17.331 Thread 0x00000000197d2800 DEOPT PACKING pc=0x0000000003770eb4 sp=0x000000001a91db30
Event: 17.331 Thread 0x00000000197d2800 DEOPT UNPACKING pc=0x000000000306583b sp=0x000000001a91da70 mode 2


Dynamic libraries:
0x00007ff7fc680000 - 0x00007ff7fc6b7000 	C:\Program Files\Java\jdk1.8.0_181\jre\bin\java.exe
0x00007ff946e00000 - 0x00007ff946ff0000 	C:\WINDOWS\SYSTEM32\ntdll.dll
0x00007ff946960000 - 0x00007ff946a12000 	C:\WINDOWS\System32\KERNEL32.DLL
0x00007ff943e70000 - 0x00007ff944113000 	C:\WINDOWS\System32\KERNELBASE.dll
0x00007ff946a80000 - 0x00007ff946b23000 	C:\WINDOWS\System32\ADVAPI32.dll
0x00007ff945a10000 - 0x00007ff945aae000 	C:\WINDOWS\System32\msvcrt.dll
0x00007ff9466c0000 - 0x00007ff946757000 	C:\WINDOWS\System32\sechost.dll
0x00007ff946770000 - 0x00007ff946890000 	C:\WINDOWS\System32\RPCRT4.dll
0x00007ff946b30000 - 0x00007ff946cc4000 	C:\WINDOWS\System32\USER32.dll
0x00007ff9442c0000 - 0x00007ff9442e1000 	C:\WINDOWS\System32\win32u.dll
0x00007ff9461d0000 - 0x00007ff9461f6000 	C:\WINDOWS\System32\GDI32.dll
0x00007ff944120000 - 0x00007ff9442b4000 	C:\WINDOWS\System32\gdi32full.dll
0x00007ff944e10000 - 0x00007ff944eae000 	C:\WINDOWS\System32\msvcp_win.dll
0x00007ff944490000 - 0x00007ff94458a000 	C:\WINDOWS\System32\ucrtbase.dll
0x00007ff9353f0000 - 0x00007ff935675000 	C:\WINDOWS\WinSxS\amd64_microsoft.windows.common-controls_6595b64144ccf1df_6.0.18362.720_none_e6beb5c51314836b\COMCTL32.dll
0x00007ff945240000 - 0x00007ff945576000 	C:\WINDOWS\System32\combase.dll
0x00007ff943df0000 - 0x00007ff943e70000 	C:\WINDOWS\System32\bcryptPrimitives.dll
0x00007ff9461a0000 - 0x00007ff9461ce000 	C:\WINDOWS\System32\IMM32.DLL
0x0000000062a40000 - 0x0000000062b12000 	C:\Program Files\Java\jdk1.8.0_181\jre\bin\msvcr100.dll
0x0000000062b20000 - 0x00000000633c2000 	C:\Program Files\Java\jdk1.8.0_181\jre\bin\server\jvm.dll
0x00007ff946760000 - 0x00007ff946768000 	C:\WINDOWS\System32\PSAPI.DLL
0x00007ff93fd80000 - 0x00007ff93fda4000 	C:\WINDOWS\SYSTEM32\WINMM.dll
0x00007ff930400000 - 0x00007ff930409000 	C:\WINDOWS\SYSTEM32\WSOCK32.dll
0x00007ff946d50000 - 0x00007ff946dbf000 	C:\WINDOWS\System32\WS2_32.dll
0x00007ff9394b0000 - 0x00007ff9394ba000 	C:\WINDOWS\SYSTEM32\VERSION.dll
0x00007ff93fd50000 - 0x00007ff93fd7d000 	C:\WINDOWS\SYSTEM32\WINMMBASE.dll
0x00007ff9442f0000 - 0x00007ff94433a000 	C:\WINDOWS\System32\cfgmgr32.dll
0x0000000063990000 - 0x000000006399f000 	C:\Program Files\Java\jdk1.8.0_181\jre\bin\verify.dll
0x00000000629d0000 - 0x00000000629f9000 	C:\Program Files\Java\jdk1.8.0_181\jre\bin\java.dll
0x00000000629b0000 - 0x00000000629c6000 	C:\Program Files\Java\jdk1.8.0_181\jre\bin\zip.dll
0x00007ff945ab0000 - 0x00007ff946195000 	C:\WINDOWS\System32\SHELL32.dll
0x00007ff944f80000 - 0x00007ff945029000 	C:\WINDOWS\System32\shcore.dll
0x00007ff944590000 - 0x00007ff944d10000 	C:\WINDOWS\System32\windows.storage.dll
0x00007ff943cf0000 - 0x00007ff943d13000 	C:\WINDOWS\System32\profapi.dll
0x00007ff943d20000 - 0x00007ff943d6a000 	C:\WINDOWS\System32\powrprof.dll
0x00007ff943cc0000 - 0x00007ff943cd0000 	C:\WINDOWS\System32\UMPDC.dll
0x00007ff946210000 - 0x00007ff946262000 	C:\WINDOWS\System32\shlwapi.dll
0x00007ff943d70000 - 0x00007ff943d81000 	C:\WINDOWS\System32\kernel.appcore.dll
0x00007ff944df0000 - 0x00007ff944e07000 	C:\WINDOWS\System32\cryptsp.dll
0x0000000002ca0000 - 0x0000000002ca3000 	C:\Program Files\Java\jdk1.8.0_181\jre\bin\api-ms-win-core-console-l1-1-0.dll
0x0000000002cb0000 - 0x0000000002cb3000 	C:\Program Files\Java\jdk1.8.0_181\jre\bin\api-ms-win-core-datetime-l1-1-0.dll
0x0000000002cc0000 - 0x0000000002cc3000 	C:\Program Files\Java\jdk1.8.0_181\jre\bin\api-ms-win-core-debug-l1-1-0.dll
0x0000000002cd0000 - 0x0000000002cd3000 	C:\Program Files\Java\jdk1.8.0_181\jre\bin\api-ms-win-core-errorhandling-l1-1-0.dll
0x0000000002ce0000 - 0x0000000002ce4000 	C:\Program Files\Java\jdk1.8.0_181\jre\bin\api-ms-win-core-file-l1-1-0.dll
0x0000000002cf0000 - 0x0000000002cf3000 	C:\Program Files\Java\jdk1.8.0_181\jre\bin\api-ms-win-core-file-l1-2-0.dll
0x0000000002d00000 - 0x0000000002d03000 	C:\Program Files\Java\jdk1.8.0_181\jre\bin\api-ms-win-core-file-l2-1-0.dll
0x0000000002d10000 - 0x0000000002d13000 	C:\Program Files\Java\jdk1.8.0_181\jre\bin\api-ms-win-core-handle-l1-1-0.dll
0x0000000002d20000 - 0x0000000002d23000 	C:\Program Files\Java\jdk1.8.0_181\jre\bin\api-ms-win-core-heap-l1-1-0.dll
0x0000000002d30000 - 0x0000000002d33000 	C:\Program Files\Java\jdk1.8.0_181\jre\bin\api-ms-win-core-interlocked-l1-1-0.dll
0x0000000002d50000 - 0x0000000002d53000 	C:\Program Files\Java\jdk1.8.0_181\jre\bin\api-ms-win-core-libraryloader-l1-1-0.dll
0x0000000002d60000 - 0x0000000002d63000 	C:\Program Files\Java\jdk1.8.0_181\jre\bin\api-ms-win-core-localization-l1-2-0.dll
0x0000000002d70000 - 0x0000000002d73000 	C:\Program Files\Java\jdk1.8.0_181\jre\bin\api-ms-win-core-memory-l1-1-0.dll
0x0000000002d80000 - 0x0000000002d83000 	C:\Program Files\Java\jdk1.8.0_181\jre\bin\api-ms-win-core-namedpipe-l1-1-0.dll
0x0000000002d90000 - 0x0000000002d93000 	C:\Program Files\Java\jdk1.8.0_181\jre\bin\api-ms-win-core-processenvironment-l1-1-0.dll
0x0000000002da0000 - 0x0000000002da3000 	C:\Program Files\Java\jdk1.8.0_181\jre\bin\api-ms-win-core-processthreads-l1-1-0.dll
0x0000000002db0000 - 0x0000000002db3000 	C:\Program Files\Java\jdk1.8.0_181\jre\bin\api-ms-win-core-processthreads-l1-1-1.dll
0x0000000002dc0000 - 0x0000000002dc3000 	C:\Program Files\Java\jdk1.8.0_181\jre\bin\api-ms-win-core-profile-l1-1-0.dll
0x0000000002dd0000 - 0x0000000002dd3000 	C:\Program Files\Java\jdk1.8.0_181\jre\bin\api-ms-win-core-rtlsupport-l1-1-0.dll
0x0000000002de0000 - 0x0000000002de3000 	C:\Program Files\Java\jdk1.8.0_181\jre\bin\api-ms-win-core-string-l1-1-0.dll
0x0000000002df0000 - 0x0000000002df3000 	C:\Program Files\Java\jdk1.8.0_181\jre\bin\api-ms-win-core-synch-l1-1-0.dll
0x0000000002e00000 - 0x0000000002e03000 	C:\Program Files\Java\jdk1.8.0_181\jre\bin\api-ms-win-core-synch-l1-2-0.dll
0x0000000019a40000 - 0x0000000019a43000 	C:\Program Files\Java\jdk1.8.0_181\jre\bin\api-ms-win-core-sysinfo-l1-1-0.dll
0x0000000019a50000 - 0x0000000019a53000 	C:\Program Files\Java\jdk1.8.0_181\jre\bin\api-ms-win-core-timezone-l1-1-0.dll
0x0000000019a60000 - 0x0000000019a63000 	C:\Program Files\Java\jdk1.8.0_181\jre\bin\api-ms-win-core-util-l1-1-0.dll
0x0000000019a70000 - 0x0000000019a73000 	C:\Program Files\Java\jdk1.8.0_181\jre\bin\api-ms-win-crt-conio-l1-1-0.dll
0x0000000019a80000 - 0x0000000019a84000 	C:\Program Files\Java\jdk1.8.0_181\jre\bin\api-ms-win-crt-convert-l1-1-0.dll
0x0000000019a90000 - 0x0000000019a93000 	C:\Program Files\Java\jdk1.8.0_181\jre\bin\api-ms-win-crt-environment-l1-1-0.dll
0x0000000019aa0000 - 0x0000000019aa3000 	C:\Program Files\Java\jdk1.8.0_181\jre\bin\api-ms-win-crt-filesystem-l1-1-0.dll
0x0000000019ab0000 - 0x0000000019ab3000 	C:\Program Files\Java\jdk1.8.0_181\jre\bin\api-ms-win-crt-heap-l1-1-0.dll
0x0000000019ac0000 - 0x0000000019ac3000 	C:\Program Files\Java\jdk1.8.0_181\jre\bin\api-ms-win-crt-locale-l1-1-0.dll
0x0000000019ad0000 - 0x0000000019ad5000 	C:\Program Files\Java\jdk1.8.0_181\jre\bin\api-ms-win-crt-math-l1-1-0.dll
0x0000000019ae0000 - 0x0000000019ae5000 	C:\Program Files\Java\jdk1.8.0_181\jre\bin\api-ms-win-crt-multibyte-l1-1-0.dll
0x0000000019af0000 - 0x0000000019b00000 	C:\Program Files\Java\jdk1.8.0_181\jre\bin\api-ms-win-crt-private-l1-1-0.dll
0x0000000019b00000 - 0x0000000019b03000 	C:\Program Files\Java\jdk1.8.0_181\jre\bin\api-ms-win-crt-process-l1-1-0.dll
0x0000000019b10000 - 0x0000000019b14000 	C:\Program Files\Java\jdk1.8.0_181\jre\bin\api-ms-win-crt-runtime-l1-1-0.dll
0x0000000019b20000 - 0x0000000019b24000 	C:\Program Files\Java\jdk1.8.0_181\jre\bin\api-ms-win-crt-stdio-l1-1-0.dll
0x0000000019b30000 - 0x0000000019b34000 	C:\Program Files\Java\jdk1.8.0_181\jre\bin\api-ms-win-crt-string-l1-1-0.dll
0x0000000019b40000 - 0x0000000019b43000 	C:\Program Files\Java\jdk1.8.0_181\jre\bin\api-ms-win-crt-time-l1-1-0.dll
0x0000000019b50000 - 0x0000000019b53000 	C:\Program Files\Java\jdk1.8.0_181\jre\bin\api-ms-win-crt-utility-l1-1-0.dll
0x00007ff9284a0000 - 0x00007ff928596000 	C:\Program Files\Java\jdk1.8.0_181\jre\bin\ucrtbase.dll
0x00007ff93c7f0000 - 0x00007ff93c806000 	C:\Program Files\Java\jdk1.8.0_181\jre\bin\vcruntime140.dll
0x00007ff923d90000 - 0x00007ff923e2c000 	C:\Program Files\Java\jdk1.8.0_181\jre\bin\msvcp140.dll
0x00007ff93c3d0000 - 0x00007ff93c421000 	C:\Program Files\Java\jdk1.8.0_181\jre\bin\concrt140.dll
0x0000000061930000 - 0x0000000061953000 	C:\Program Files\Java\jdk1.8.0_181\jre\bin\prism_d3d.dll
0x00007ff90a060000 - 0x00007ff90a227000 	C:\WINDOWS\system32\d3d9.dll
0x00007ff942440000 - 0x00007ff94246d000 	C:\WINDOWS\SYSTEM32\dwmapi.dll
0x00007ff942910000 - 0x00007ff942930000 	C:\WINDOWS\SYSTEM32\dxcore.dll
0x00007ff941f80000 - 0x00007ff942019000 	C:\WINDOWS\system32\uxtheme.dll
0x00007ff9095f0000 - 0x00007ff90a05d000 	C:\WINDOWS\SYSTEM32\igdumdim64.dll
0x00007ff939870000 - 0x00007ff939cd5000 	C:\WINDOWS\SYSTEM32\igdusc64.dll
0x00000000618e0000 - 0x0000000061929000 	C:\Program Files\Java\jdk1.8.0_181\jre\bin\glass.dll
0x00007ff946890000 - 0x00007ff946960000 	C:\WINDOWS\System32\COMDLG32.dll
0x00007ff9450e0000 - 0x00007ff945237000 	C:\WINDOWS\System32\ole32.dll
0x00007ff9465f0000 - 0x00007ff9466b4000 	C:\WINDOWS\System32\OLEAUT32.dll
0x00007ff946270000 - 0x00007ff9463a6000 	C:\WINDOWS\System32\MSCTF.dll
0x00007ff91bc10000 - 0x00007ff91bc28000 	C:\Program Files (x86)\Smadav\SmadHook64c.dll
0x00007ff943d90000 - 0x00007ff943dec000 	C:\WINDOWS\System32\WINTRUST.dll
0x00007ff943cd0000 - 0x00007ff943ce2000 	C:\WINDOWS\System32\MSASN1.dll
0x00007ff944340000 - 0x00007ff944489000 	C:\WINDOWS\System32\CRYPT32.dll
0x00000000618c0000 - 0x00000000618d4000 	C:\Program Files\Java\jdk1.8.0_181\jre\bin\javafx_font.dll
0x00007ff936360000 - 0x00007ff93665e000 	C:\WINDOWS\SYSTEM32\dwrite.dll
0x00007ff945030000 - 0x00007ff9450d2000 	C:\WINDOWS\System32\clbcatq.dll
0x00007ff93d740000 - 0x00007ff93d8ef000 	C:\WINDOWS\SYSTEM32\WindowsCodecs.dll
0x00007ff90e7b0000 - 0x00007ff90e7ea000 	C:\WINDOWS\system32\dataexchange.dll
0x00007ff940e30000 - 0x00007ff94108b000 	C:\WINDOWS\system32\d3d11.dll
0x00007ff9414f0000 - 0x00007ff9416cb000 	C:\WINDOWS\system32\dcomp.dll
0x00007ff9429a0000 - 0x00007ff942a8b000 	C:\WINDOWS\system32\dxgi.dll
0x00007ff9420f0000 - 0x00007ff94234a000 	C:\WINDOWS\system32\twinapi.appcore.dll
0x00007ff942520000 - 0x00007ff942549000 	C:\WINDOWS\system32\RMCLIENT.dll
0x00007ff91aa60000 - 0x00007ff91aa93000 	C:\Program Files\Common Files\Microsoft Shared\Ink\rtscom.dll
0x00007ff938480000 - 0x00007ff93851e000 	C:\WINDOWS\System32\TextInputFramework.dll
0x00007ff941a40000 - 0x00007ff941b14000 	C:\WINDOWS\System32\CoreMessaging.dll
0x00007ff93ddf0000 - 0x00007ff93e11a000 	C:\WINDOWS\System32\CoreUIComponents.dll
0x00007ff942d00000 - 0x00007ff942d31000 	C:\WINDOWS\SYSTEM32\ntmarta.dll
0x00007ff93fa90000 - 0x00007ff93fbe3000 	C:\WINDOWS\SYSTEM32\wintypes.dll
0x00007ff936ea0000 - 0x00007ff937146000 	C:\WINDOWS\System32\iertutil.dll
0x00000000618a0000 - 0x00000000618b2000 	C:\Program Files\Java\jdk1.8.0_181\jre\bin\prism_common.dll
0x00007ff9430a0000 - 0x00007ff9430d3000 	C:\WINDOWS\system32\rsaenh.dll
0x00007ff944dc0000 - 0x00007ff944de6000 	C:\WINDOWS\System32\bcrypt.dll
0x00007ff943bb0000 - 0x00007ff943bd5000 	C:\WINDOWS\SYSTEM32\USERENV.dll
0x00007ff943700000 - 0x00007ff94370c000 	C:\WINDOWS\SYSTEM32\CRYPTBASE.dll
0x0000000062990000 - 0x00000000629aa000 	C:\Program Files\Java\jdk1.8.0_181\jre\bin\net.dll
0x00007ff943530000 - 0x00007ff943597000 	C:\WINDOWS\system32\mswsock.dll
0x00007ff943240000 - 0x00007ff94327a000 	C:\WINDOWS\SYSTEM32\IPHLPAPI.DLL
0x00007ff9465e0000 - 0x00007ff9465e8000 	C:\WINDOWS\System32\NSI.dll
0x00007ff939640000 - 0x00007ff939656000 	C:\WINDOWS\SYSTEM32\dhcpcsvc6.DLL
0x00007ff9397c0000 - 0x00007ff9397dc000 	C:\WINDOWS\SYSTEM32\dhcpcsvc.DLL
0x00007ff943280000 - 0x00007ff94334a000 	C:\WINDOWS\SYSTEM32\DNSAPI.dll

VM Arguments:
jvm_args: -Dfile.encoding=UTF-8 
java_command: C:\Users\EddyF\OneDrive\Documents\NetBeansProjects\HospitalManagement\dist\run2020491728\HospitalManagement.jar
java_class_path (initial): C:\Users\EddyF\OneDrive\Documents\NetBeansProjects\HospitalManagement\dist\run2020491728\HospitalManagement.jar
Launcher Type: SUN_STANDARD

Environment Variables:
JAVA_HOME=C:\Program Files\Java\jdk1.8.0_181\bin
CLASSPATH=%CLASSPATH%;%JUNIT_HOME%\junit-4.12.jar;C:\Junit\junit-4.12.jar;C:\Junit\junit-4.12.jar
USERNAME=EddyF
OS=Windows_NT
PROCESSOR_IDENTIFIER=Intel64 Family 6 Model 58 Stepping 9, GenuineIntel



---------------  S Y S T E M  ---------------

OS: Windows 10.0 , 64 bit Build 18362 (10.0.18362.329)

CPU:total 4 (initial active 4) (2 cores per cpu, 2 threads per core) family 6 model 58 stepping 9, cmov, cx8, fxsr, mmx, sse, sse2, sse3, ssse3, sse4.1, sse4.2, popcnt, avx, aes, clmul, erms, ht, tsc, tscinvbit, tscinv

Memory: 4k page, physical 8248816k(1026056k free), swap 9774680k(5760k free)

vm_info: Java HotSpot(TM) 64-Bit Server VM (25.181-b13) for windows-amd64 JRE (1.8.0_181-b13), built on Jul  7 2018 04:01:33 by "java_re" with MS VC++ 10.0 (VS2010)

time: Fri Apr 24 23:28:11 2020
elapsed time: 17 seconds (0d 0h 0m 17s)

