#
# There is insufficient memory for the Java Runtime Environment to continue.
# Native memory allocation (malloc) failed to allocate 32744 bytes for ChunkPool::allocate
# Possible reasons:
#   The system is out of physical RAM or swap space
#   In 32 bit mode, the process size limit was hit
# Possible solutions:
#   Reduce memory load on the system
#   Increase physical memory or swap space
#   Check if swap backing store is full
#   Use 64 bit Java on a 64 bit OS
#   Decrease Java heap size (-Xmx/-Xms)
#   Decrease number of Java threads
#   Decrease Java thread stack sizes (-Xss)
#   Set larger code cache with -XX:ReservedCodeCacheSize=
# This output file may be truncated or incomplete.
#
#  Out of Memory Error (allocation.cpp:273), pid=3364, tid=0x0000000000002e70
#
# JRE version: Java(TM) SE Runtime Environment (8.0_181-b13) (build 1.8.0_181-b13)
# Java VM: Java HotSpot(TM) 64-Bit Server VM (25.181-b13 mixed mode windows-amd64 compressed oops)
# Failed to write core dump. Minidumps are not enabled by default on client versions of Windows
#

---------------  T H R E A D  ---------------

Current thread (0x00000000174ba800):  JavaThread "C1 CompilerThread2" daemon [_thread_in_native, id=11888, stack(0x0000000018d00000,0x0000000018e00000)]

Stack: [0x0000000018d00000,0x0000000018e00000]
[error occurred during error reporting (printing stack bounds), id 0xc0000005]

Native frames: (J=compiled Java code, j=interpreted, Vv=VM code, C=native code)


Current CompileTask:
C1:  10988 2434       3       javafx.scene.layout.Region::impl_updatePeer (540 bytes)


---------------  P R O C E S S  ---------------

Java Threads: ( => current thread )
  0x0000000019b94000 JavaThread "Prism Font Disposer" daemon [_thread_blocked, id=13780, stack(0x000000001f1e0000,0x000000001f2e0000)]
  0x000000001969d800 JavaThread "JavaFX-Launcher" [_thread_blocked, id=1712, stack(0x000000001cd70000,0x000000001ce70000)]
  0x0000000019685000 JavaThread "Thread-2" daemon [_thread_in_native, id=2208, stack(0x000000001cc70000,0x000000001cd70000)]
  0x0000000019644800 JavaThread "JavaFX Application Thread" [_thread_in_native, id=4860, stack(0x000000001aaf0000,0x000000001abf0000)]
  0x00000000195f0800 JavaThread "Thread-1" daemon [_thread_blocked, id=13068, stack(0x000000001a9f0000,0x000000001aaf0000)]
  0x00000000195c2800 JavaThread "QuantumRenderer-0" daemon [_thread_blocked, id=6696, stack(0x0000000019dc0000,0x0000000019ec0000)]
  0x0000000018e30800 JavaThread "Service Thread" daemon [_thread_blocked, id=13188, stack(0x0000000019200000,0x0000000019300000)]
=>0x00000000174ba800 JavaThread "C1 CompilerThread2" daemon [_thread_in_native, id=11888, stack(0x0000000018d00000,0x0000000018e00000)]
  0x00000000174b7800 JavaThread "C2 CompilerThread1" daemon [_thread_blocked, id=6056, stack(0x0000000018c00000,0x0000000018d00000)]
  0x00000000174b5000 JavaThread "C2 CompilerThread0" daemon [_thread_blocked, id=10612, stack(0x0000000018b00000,0x0000000018c00000)]
  0x00000000174b3000 JavaThread "Attach Listener" daemon [_thread_blocked, id=1236, stack(0x0000000018a00000,0x0000000018b00000)]
  0x00000000174ae000 JavaThread "Signal Dispatcher" daemon [_thread_blocked, id=5176, stack(0x0000000018900000,0x0000000018a00000)]
  0x00000000029d8800 JavaThread "Finalizer" daemon [_thread_blocked, id=5260, stack(0x0000000018700000,0x0000000018800000)]
  0x00000000029d3000 JavaThread "Reference Handler" daemon [_thread_blocked, id=6472, stack(0x0000000018600000,0x0000000018700000)]
  0x00000000028e2800 JavaThread "main" [_thread_blocked, id=11628, stack(0x0000000002710000,0x0000000002810000)]

Other Threads:
  0x0000000017477800 VMThread [stack: 0x0000000018500000,0x0000000018600000] [id=9852]
  0x000000001750e000 WatcherThread [stack: 0x0000000019300000,0x0000000019400000] [id=11276]

VM state:not at safepoint (normal execution)

VM Mutex/Monitor currently owned by a thread: None

Heap:
 PSYoungGen      total 123904K, used 117541K [0x00000000d6100000, 0x00000000dea00000, 0x0000000100000000)
  eden space 118784K, 98% used [0x00000000d6100000,0x00000000dd3c9740,0x00000000dd500000)
  from space 5120K, 0% used [0x00000000de000000,0x00000000de000000,0x00000000de500000)
  to   space 4096K, 0% used [0x00000000de600000,0x00000000de600000,0x00000000dea00000)
 ParOldGen       total 312320K, used 311263K [0x0000000082200000, 0x0000000095300000, 0x00000000d6100000)
  object space 312320K, 99% used [0x0000000082200000,0x00000000951f7e60,0x0000000095300000)
 Metaspace       used 18375K, capacity 19234K, committed 19584K, reserved 1067008K
  class space    used 2633K, capacity 2833K, committed 2944K, reserved 1048576K

Card table byte_map: [0x0000000011da0000,0x0000000012190000] byte_map_base: 0x000000001198f000

Marking Bits: (ParMarkBitMap*) 0x0000000060402d00
 Begin Bits: [0x0000000012830000, 0x00000000147a8000)
 End Bits:   [0x00000000147a8000, 0x0000000016720000)

Polling page: 0x0000000002590000

CodeCache: size=245760Kb used=7411Kb max_used=7414Kb free=238348Kb
 bounds [0x00000000029e0000, 0x0000000003130000, 0x00000000119e0000]
 total_blobs=3092 nmethods=2433 adapters=570
 compilation: enabled

Compilation events (10 events):
Event: 10.846 Thread 0x00000000174b7800 nmethod 2429 0x0000000003120090 code [0x00000000031202a0, 0x0000000003120778]
Event: 10.889 Thread 0x00000000174b5000 2430       4       com.sun.javafx.geom.transform.AffineBase::isIdentity (20 bytes)
Event: 10.889 Thread 0x00000000174ba800 2431       1       com.sun.prism.d3d.D3DResourceFactory::isFormatSupported (2 bytes)
Event: 10.889 Thread 0x00000000174ba800 nmethod 2431 0x0000000003111890 code [0x00000000031119e0, 0x0000000003111af0]
Event: 10.893 Thread 0x00000000174b5000 nmethod 2430 0x0000000003121790 code [0x00000000031219a0, 0x0000000003121f88]
Event: 10.936 Thread 0x00000000174ba800 2432       1       com.sun.javafx.sg.prism.NGImageView::supportsOpaqueRegions (2 bytes)
Event: 10.937 Thread 0x00000000174ba800 nmethod 2432 0x00000000031115d0 code [0x0000000003111720, 0x0000000003111830]
Event: 10.937 Thread 0x00000000174ba800 2433       1       com.sun.prism.PixelFormat::isOpaque (5 bytes)
Event: 10.937 Thread 0x00000000174ba800 nmethod 2433 0x0000000003111310 code [0x0000000003111460, 0x0000000003111570]
Event: 10.969 Thread 0x00000000174ba800 2434       3       javafx.scene.layout.Region::impl_updatePeer (540 bytes)

GC Heap History (10 events):
Event: 3.353 GC heap before
{Heap before GC invocations=9 (full 4):
 PSYoungGen      total 123904K, used 117911K [0x00000000d6100000, 0x00000000dea00000, 0x0000000100000000)
  eden space 118784K, 99% used [0x00000000d6100000,0x00000000dd425fe0,0x00000000dd500000)
  from space 5120K, 0% used [0x00000000de000000,0x00000000de000000,0x00000000de500000)
  to   space 4096K, 0% used [0x00000000de600000,0x00000000de600000,0x00000000dea00000)
 ParOldGen       total 312320K, used 273511K [0x0000000082200000, 0x0000000095300000, 0x00000000d6100000)
  object space 312320K, 87% used [0x0000000082200000,0x0000000092d19f58,0x0000000095300000)
 Metaspace       used 14684K, capacity 15258K, committed 15360K, reserved 1062912K
  class space    used 2070K, capacity 2233K, committed 2304K, reserved 1048576K
Event: 3.459 GC heap after
Heap after GC invocations=9 (full 4):
 PSYoungGen      total 123904K, used 52938K [0x00000000d6100000, 0x00000000dea00000, 0x0000000100000000)
  eden space 118784K, 44% used [0x00000000d6100000,0x00000000d94b2be0,0x00000000dd500000)
  from space 5120K, 0% used [0x00000000de000000,0x00000000de000000,0x00000000de500000)
  to   space 4096K, 0% used [0x00000000de600000,0x00000000de600000,0x00000000dea00000)
 ParOldGen       total 312320K, used 311074K [0x0000000082200000, 0x0000000095300000, 0x00000000d6100000)
  object space 312320K, 99% used [0x0000000082200000,0x00000000951c8858,0x0000000095300000)
 Metaspace       used 14684K, capacity 15258K, committed 15360K, reserved 1062912K
  class space    used 2070K, capacity 2233K, committed 2304K, reserved 1048576K
}
Event: 3.592 GC heap before
{Heap before GC invocations=10 (full 5):
 PSYoungGen      total 123904K, used 117275K [0x00000000d6100000, 0x00000000dea00000, 0x0000000100000000)
  eden space 118784K, 98% used [0x00000000d6100000,0x00000000dd386d80,0x00000000dd500000)
  from space 5120K, 0% used [0x00000000de000000,0x00000000de000000,0x00000000de500000)
  to   space 4096K, 0% used [0x00000000de600000,0x00000000de600000,0x00000000dea00000)
 ParOldGen       total 312320K, used 311074K [0x0000000082200000, 0x0000000095300000, 0x00000000d6100000)
  object space 312320K, 99% used [0x0000000082200000,0x00000000951c8858,0x0000000095300000)
 Metaspace       used 14684K, capacity 15258K, committed 15360K, reserved 1062912K
  class space    used 2070K, capacity 2233K, committed 2304K, reserved 1048576K
Event: 3.631 GC heap after
Heap after GC invocations=10 (full 5):
 PSYoungGen      total 123904K, used 103567K [0x00000000d6100000, 0x00000000dea00000, 0x0000000100000000)
  eden space 118784K, 87% used [0x00000000d6100000,0x00000000dc623cd0,0x00000000dd500000)
  from space 5120K, 0% used [0x00000000de000000,0x00000000de000000,0x00000000de500000)
  to   space 4096K, 0% used [0x00000000de600000,0x00000000de600000,0x00000000dea00000)
 ParOldGen       total 312320K, used 310964K [0x0000000082200000, 0x0000000095300000, 0x00000000d6100000)
  object space 312320K, 99% used [0x0000000082200000,0x00000000951ad118,0x0000000095300000)
 Metaspace       used 14684K, capacity 15258K, committed 15360K, reserved 1062912K
  class space    used 2070K, capacity 2233K, committed 2304K, reserved 1048576K
}
Event: 4.547 GC heap before
{Heap before GC invocations=11 (full 6):
 PSYoungGen      total 123904K, used 118784K [0x00000000d6100000, 0x00000000dea00000, 0x0000000100000000)
  eden space 118784K, 100% used [0x00000000d6100000,0x00000000dd500000,0x00000000dd500000)
  from space 5120K, 0% used [0x00000000de000000,0x00000000de000000,0x00000000de500000)
  to   space 4096K, 0% used [0x00000000de600000,0x00000000de600000,0x00000000dea00000)
 ParOldGen       total 312320K, used 310964K [0x0000000082200000, 0x0000000095300000, 0x00000000d6100000)
  object space 312320K, 99% used [0x0000000082200000,0x00000000951ad118,0x0000000095300000)
 Metaspace       used 16435K, capacity 17248K, committed 17408K, reserved 1064960K
  class space    used 2352K, capacity 2556K, committed 2560K, reserved 1048576K
Event: 4.659 GC heap after
Heap after GC invocations=11 (full 6):
 PSYoungGen      total 123904K, used 111023K [0x00000000d6100000, 0x00000000dea00000, 0x0000000100000000)
  eden space 118784K, 93% used [0x00000000d6100000,0x00000000dcd6bc18,0x00000000dd500000)
  from space 5120K, 0% used [0x00000000de000000,0x00000000de000000,0x00000000de500000)
  to   space 4096K, 0% used [0x00000000de600000,0x00000000de600000,0x00000000dea00000)
 ParOldGen       total 312320K, used 310919K [0x0000000082200000, 0x0000000095300000, 0x00000000d6100000)
  object space 312320K, 99% used [0x0000000082200000,0x00000000951a1e78,0x0000000095300000)
 Metaspace       used 16435K, capacity 17248K, committed 17408K, reserved 1064960K
  class space    used 2352K, capacity 2556K, committed 2560K, reserved 1048576K
}
Event: 5.185 GC heap before
{Heap before GC invocations=12 (full 7):
 PSYoungGen      total 123904K, used 118784K [0x00000000d6100000, 0x00000000dea00000, 0x0000000100000000)
  eden space 118784K, 100% used [0x00000000d6100000,0x00000000dd500000,0x00000000dd500000)
  from space 5120K, 0% used [0x00000000de000000,0x00000000de000000,0x00000000de500000)
  to   space 4096K, 0% used [0x00000000de600000,0x00000000de600000,0x00000000dea00000)
 ParOldGen       total 312320K, used 310919K [0x0000000082200000, 0x0000000095300000, 0x00000000d6100000)
  object space 312320K, 99% used [0x0000000082200000,0x00000000951a1e78,0x0000000095300000)
 Metaspace       used 17775K, capacity 18574K, committed 18816K, reserved 1064960K
  class space    used 2629K, capacity 2831K, committed 2944K, reserved 1048576K
Event: 5.336 GC heap after
Heap after GC invocations=12 (full 7):
 PSYoungGen      total 123904K, used 111867K [0x00000000d6100000, 0x00000000dea00000, 0x0000000100000000)
  eden space 118784K, 94% used [0x00000000d6100000,0x00000000dce3ef58,0x00000000dd500000)
  from space 5120K, 0% used [0x00000000de000000,0x00000000de000000,0x00000000de500000)
  to   space 4096K, 0% used [0x00000000de600000,0x00000000de600000,0x00000000dea00000)
 ParOldGen       total 312320K, used 312288K [0x0000000082200000, 0x0000000095300000, 0x00000000d6100000)
  object space 312320K, 99% used [0x0000000082200000,0x00000000952f81a8,0x0000000095300000)
 Metaspace       used 17775K, capacity 18574K, committed 18816K, reserved 1064960K
  class space    used 2629K, capacity 2831K, committed 2944K, reserved 1048576K
}
Event: 8.283 GC heap before
{Heap before GC invocations=13 (full 8):
 PSYoungGen      total 123904K, used 117812K [0x00000000d6100000, 0x00000000dea00000, 0x0000000100000000)
  eden space 118784K, 99% used [0x00000000d6100000,0x00000000dd40d068,0x00000000dd500000)
  from space 5120K, 0% used [0x00000000de000000,0x00000000de000000,0x00000000de500000)
  to   space 4096K, 0% used [0x00000000de600000,0x00000000de600000,0x00000000dea00000)
 ParOldGen       total 312320K, used 312288K [0x0000000082200000, 0x0000000095300000, 0x00000000d6100000)
  object space 312320K, 99% used [0x0000000082200000,0x00000000952f81a8,0x0000000095300000)
 Metaspace       used 18162K, capacity 19038K, committed 19328K, reserved 1064960K
  class space    used 2633K, capacity 2833K, committed 2944K, reserved 1048576K
Event: 8.386 GC heap after
Heap after GC invocations=13 (full 8):
 PSYoungGen      total 123904K, used 111708K [0x00000000d6100000, 0x00000000dea00000, 0x0000000100000000)
  eden space 118784K, 94% used [0x00000000d6100000,0x00000000dce17270,0x00000000dd500000)
  from space 5120K, 0% used [0x00000000de000000,0x00000000de000000,0x00000000de500000)
  to   space 4096K, 0% used [0x00000000de600000,0x00000000de600000,0x00000000dea00000)
 ParOldGen       total 312320K, used 311263K [0x0000000082200000, 0x0000000095300000, 0x00000000d6100000)
  object space 312320K, 99% used [0x0000000082200000,0x00000000951f7e60,0x0000000095300000)
 Metaspace       used 18162K, capacity 19038K, committed 19328K, reserved 1064960K
  class space    used 2633K, capacity 2833K, committed 2944K, reserved 1048576K
}

Deoptimization events (10 events):
Event: 3.021 Thread 0x0000000019644800 Uncommon trap: reason=class_check action=maybe_recompile pc=0x0000000002c92ad4 method=java.io.SequenceInputStream.read()I @ 11
Event: 3.047 Thread 0x0000000019644800 Uncommon trap: reason=class_check action=maybe_recompile pc=0x0000000002c92ad4 method=java.io.SequenceInputStream.read()I @ 11
Event: 3.047 Thread 0x0000000019644800 Uncommon trap: reason=class_check action=maybe_recompile pc=0x0000000002c92ad4 method=java.io.SequenceInputStream.read()I @ 11
Event: 4.130 Thread 0x0000000019644800 Uncommon trap: reason=unstable_if action=reinterpret pc=0x0000000002cb2778 method=java.lang.String.indexOf([CII[CIII)I @ 3
Event: 4.838 Thread 0x0000000019644800 Uncommon trap: reason=class_check action=maybe_recompile pc=0x0000000002c91610 method=java.io.FilterInputStream.read()I @ 4
Event: 4.838 Thread 0x0000000019644800 Uncommon trap: reason=class_check action=maybe_recompile pc=0x0000000002c91610 method=java.io.FilterInputStream.read()I @ 4
Event: 4.838 Thread 0x0000000019644800 Uncommon trap: reason=class_check action=maybe_recompile pc=0x0000000002c91610 method=java.io.FilterInputStream.read()I @ 4
Event: 4.838 Thread 0x0000000019644800 Uncommon trap: reason=class_check action=maybe_recompile pc=0x0000000002c91610 method=java.io.FilterInputStream.read()I @ 4
Event: 4.848 Thread 0x0000000019644800 Uncommon trap: reason=unstable_if action=reinterpret pc=0x0000000002bceac0 method=java.lang.CharacterData.of(I)Ljava/lang/CharacterData; @ 4
Event: 4.858 Thread 0x0000000019644800 Uncommon trap: reason=unstable_if action=reinterpret pc=0x0000000002ca4bbc method=java.lang.Math.round(D)J @ 48

Classes redefined (0 events):
No events

Internal exceptions (10 events):
Event: 0.238 Thread 0x00000000028e2800 Exception <a 'java/lang/NullPointerException'> (0x00000000d63d9008) thrown at [C:\re\workspace\8-2-build-windows-amd64-cygwin\jdk8u181\11358\hotspot\src\share\vm\interpreter\linkResolver.cpp, line 1185]
Event: 0.653 Thread 0x0000000019644800 Exception <a 'java/lang/NullPointerException'> (0x00000000d6eba070) thrown at [C:\re\workspace\8-2-build-windows-amd64-cygwin\jdk8u181\11358\hotspot\src\share\vm\interpreter\linkResolver.cpp, line 1185]
Event: 0.653 Thread 0x0000000019644800 Exception <a 'java/lang/NullPointerException'> (0x00000000d6eba070) thrown at [C:\re\workspace\8-2-build-windows-amd64-cygwin\jdk8u181\11358\hotspot\src\share\vm\prims\jvm.cpp, line 1439]
Event: 0.707 Thread 0x0000000019644800 Exception <a 'java/lang/ArrayIndexOutOfBoundsException'> (0x00000000d701d2b0) thrown at [C:\re\workspace\8-2-build-windows-amd64-cygwin\jdk8u181\11358\hotspot\src\share\vm\runtime\sharedRuntime.cpp, line 605]
Event: 0.708 Thread 0x0000000019644800 Exception <a 'java/lang/ArrayIndexOutOfBoundsException'> (0x00000000d701dfa0) thrown at [C:\re\workspace\8-2-build-windows-amd64-cygwin\jdk8u181\11358\hotspot\src\share\vm\runtime\sharedRuntime.cpp, line 605]
Event: 0.708 Thread 0x0000000019644800 Exception <a 'java/lang/ArrayIndexOutOfBoundsException'> (0x00000000d701f348) thrown at [C:\re\workspace\8-2-build-windows-amd64-cygwin\jdk8u181\11358\hotspot\src\share\vm\runtime\sharedRuntime.cpp, line 605]
Event: 2.163 Thread 0x0000000019644800 Exception <a 'java/lang/ArrayIndexOutOfBoundsException'> (0x00000000dcb4e688) thrown at [C:\re\workspace\8-2-build-windows-amd64-cygwin\jdk8u181\11358\hotspot\src\share\vm\runtime\sharedRuntime.cpp, line 605]
Event: 2.272 Thread 0x0000000019644800 Exception <a 'java/lang/ArrayIndexOutOfBoundsException'> (0x00000000dce3fdc0) thrown at [C:\re\workspace\8-2-build-windows-amd64-cygwin\jdk8u181\11358\hotspot\src\share\vm\runtime\sharedRuntime.cpp, line 605]
Event: 2.809 Thread 0x0000000019644800 Implicit null exception at 0x0000000002d59075 to 0x0000000002d59285
Event: 4.368 Thread 0x0000000019644800 Exception <a 'java/lang/ArrayIndexOutOfBoundsException'> (0x00000000dd10b7a0) thrown at [C:\re\workspace\8-2-build-windows-amd64-cygwin\jdk8u181\11358\hotspot\src\share\vm\runtime\sharedRuntime.cpp, line 605]

Events (10 events):
Event: 7.174 loading class com/sun/javafx/scene/input/KeyCodeMap
Event: 7.174 loading class com/sun/javafx/scene/input/KeyCodeMap done
Event: 7.177 loading class com/sun/javafx/geometry/BoundsUtils
Event: 7.177 loading class com/sun/javafx/geometry/BoundsUtils done
Event: 7.179 loading class com/sun/prism/shape/ShapeRep$InvalidationType
Event: 7.179 loading class com/sun/prism/shape/ShapeRep$InvalidationType done
Event: 7.850 Executing VM operation: BulkRevokeBias
Event: 7.850 Executing VM operation: BulkRevokeBias done
Event: 8.283 Executing VM operation: ParallelGCFailedAllocation
Event: 8.387 Executing VM operation: ParallelGCFailedAllocation done


Dynamic libraries:
0x00007ff686c30000 - 0x00007ff686c67000 	C:\Program Files\Java\jdk1.8.0_181\jre\bin\java.exe
0x00007ffe4f560000 - 0x00007ffe4f750000 	C:\WINDOWS\SYSTEM32\ntdll.dll
0x00007ffe4dd00000 - 0x00007ffe4ddb2000 	C:\WINDOWS\System32\KERNEL32.DLL
0x00007ffe4c4f0000 - 0x00007ffe4c793000 	C:\WINDOWS\System32\KERNELBASE.dll
0x00007ffe4ec30000 - 0x00007ffe4ecd3000 	C:\WINDOWS\System32\ADVAPI32.dll
0x00007ffe4f2c0000 - 0x00007ffe4f35e000 	C:\WINDOWS\System32\msvcrt.dll
0x00007ffe4dfa0000 - 0x00007ffe4e037000 	C:\WINDOWS\System32\sechost.dll
0x00007ffe4f360000 - 0x00007ffe4f480000 	C:\WINDOWS\System32\RPCRT4.dll
0x00007ffe4e740000 - 0x00007ffe4e8d4000 	C:\WINDOWS\System32\USER32.dll
0x00007ffe4d5e0000 - 0x00007ffe4d601000 	C:\WINDOWS\System32\win32u.dll
0x00007ffe4edf0000 - 0x00007ffe4ee16000 	C:\WINDOWS\System32\GDI32.dll
0x00007ffe4d3c0000 - 0x00007ffe4d554000 	C:\WINDOWS\System32\gdi32full.dll
0x00007ffe4c9b0000 - 0x00007ffe4ca4e000 	C:\WINDOWS\System32\msvcp_win.dll
0x00007ffe4c800000 - 0x00007ffe4c8fa000 	C:\WINDOWS\System32\ucrtbase.dll
0x00007ffe3db40000 - 0x00007ffe3ddc5000 	C:\WINDOWS\WinSxS\amd64_microsoft.windows.common-controls_6595b64144ccf1df_6.0.18362.720_none_e6beb5c51314836b\COMCTL32.dll
0x00007ffe4e8f0000 - 0x00007ffe4ec26000 	C:\WINDOWS\System32\combase.dll
0x00007ffe4d560000 - 0x00007ffe4d5e0000 	C:\WINDOWS\System32\bcryptPrimitives.dll
0x00007ffe4f4f0000 - 0x00007ffe4f51e000 	C:\WINDOWS\System32\IMM32.DLL
0x0000000060530000 - 0x0000000060602000 	C:\Program Files\Java\jdk1.8.0_181\jre\bin\msvcr100.dll
0x000000005fbe0000 - 0x0000000060482000 	C:\Program Files\Java\jdk1.8.0_181\jre\bin\server\jvm.dll
0x00007ffe4f1a0000 - 0x00007ffe4f1a8000 	C:\WINDOWS\System32\PSAPI.DLL
0x00007ffe48400000 - 0x00007ffe48424000 	C:\WINDOWS\SYSTEM32\WINMM.dll
0x00007ffe3a250000 - 0x00007ffe3a259000 	C:\WINDOWS\SYSTEM32\WSOCK32.dll
0x00007ffe41a10000 - 0x00007ffe41a1a000 	C:\WINDOWS\SYSTEM32\VERSION.dll
0x00007ffe4f480000 - 0x00007ffe4f4ef000 	C:\WINDOWS\System32\WS2_32.dll
0x00007ffe483d0000 - 0x00007ffe483fd000 	C:\WINDOWS\SYSTEM32\winmmbase.dll
0x00007ffe4ca50000 - 0x00007ffe4ca9a000 	C:\WINDOWS\System32\cfgmgr32.dll
0x00000000604e0000 - 0x00000000604ef000 	C:\Program Files\Java\jdk1.8.0_181\jre\bin\verify.dll
0x000000005fbb0000 - 0x000000005fbd9000 	C:\Program Files\Java\jdk1.8.0_181\jre\bin\java.dll
0x00000000604c0000 - 0x00000000604d6000 	C:\Program Files\Java\jdk1.8.0_181\jre\bin\zip.dll
0x00007ffe4d610000 - 0x00007ffe4dcf5000 	C:\WINDOWS\System32\SHELL32.dll
0x00007ffe4ed40000 - 0x00007ffe4ede9000 	C:\WINDOWS\System32\shcore.dll
0x00007ffe4cbf0000 - 0x00007ffe4d370000 	C:\WINDOWS\System32\windows.storage.dll
0x00007ffe4c4c0000 - 0x00007ffe4c4e3000 	C:\WINDOWS\System32\profapi.dll
0x00007ffe4c470000 - 0x00007ffe4c4ba000 	C:\WINDOWS\System32\powrprof.dll
0x00007ffe4c420000 - 0x00007ffe4c430000 	C:\WINDOWS\System32\UMPDC.dll
0x00007ffe4f260000 - 0x00007ffe4f2b2000 	C:\WINDOWS\System32\shlwapi.dll
0x00007ffe4c450000 - 0x00007ffe4c461000 	C:\WINDOWS\System32\kernel.appcore.dll
0x00007ffe4d370000 - 0x00007ffe4d387000 	C:\WINDOWS\System32\cryptsp.dll
0x0000000002810000 - 0x0000000002813000 	C:\Program Files\Java\jdk1.8.0_181\jre\bin\api-ms-win-core-console-l1-1-0.dll
0x0000000002820000 - 0x0000000002823000 	C:\Program Files\Java\jdk1.8.0_181\jre\bin\api-ms-win-core-datetime-l1-1-0.dll
0x0000000002830000 - 0x0000000002833000 	C:\Program Files\Java\jdk1.8.0_181\jre\bin\api-ms-win-core-debug-l1-1-0.dll
0x0000000002840000 - 0x0000000002843000 	C:\Program Files\Java\jdk1.8.0_181\jre\bin\api-ms-win-core-errorhandling-l1-1-0.dll
0x0000000002850000 - 0x0000000002854000 	C:\Program Files\Java\jdk1.8.0_181\jre\bin\api-ms-win-core-file-l1-1-0.dll
0x0000000002860000 - 0x0000000002863000 	C:\Program Files\Java\jdk1.8.0_181\jre\bin\api-ms-win-core-file-l1-2-0.dll
0x0000000002870000 - 0x0000000002873000 	C:\Program Files\Java\jdk1.8.0_181\jre\bin\api-ms-win-core-file-l2-1-0.dll
0x0000000002880000 - 0x0000000002883000 	C:\Program Files\Java\jdk1.8.0_181\jre\bin\api-ms-win-core-handle-l1-1-0.dll
0x0000000002890000 - 0x0000000002893000 	C:\Program Files\Java\jdk1.8.0_181\jre\bin\api-ms-win-core-heap-l1-1-0.dll
0x00000000028a0000 - 0x00000000028a3000 	C:\Program Files\Java\jdk1.8.0_181\jre\bin\api-ms-win-core-interlocked-l1-1-0.dll
0x00000000028b0000 - 0x00000000028b3000 	C:\Program Files\Java\jdk1.8.0_181\jre\bin\api-ms-win-core-libraryloader-l1-1-0.dll
0x00000000028c0000 - 0x00000000028c3000 	C:\Program Files\Java\jdk1.8.0_181\jre\bin\api-ms-win-core-localization-l1-2-0.dll
0x0000000019400000 - 0x0000000019403000 	C:\Program Files\Java\jdk1.8.0_181\jre\bin\api-ms-win-core-memory-l1-1-0.dll
0x0000000019410000 - 0x0000000019413000 	C:\Program Files\Java\jdk1.8.0_181\jre\bin\api-ms-win-core-namedpipe-l1-1-0.dll
0x0000000019420000 - 0x0000000019423000 	C:\Program Files\Java\jdk1.8.0_181\jre\bin\api-ms-win-core-processenvironment-l1-1-0.dll
0x0000000019430000 - 0x0000000019433000 	C:\Program Files\Java\jdk1.8.0_181\jre\bin\api-ms-win-core-processthreads-l1-1-0.dll
0x0000000019440000 - 0x0000000019443000 	C:\Program Files\Java\jdk1.8.0_181\jre\bin\api-ms-win-core-processthreads-l1-1-1.dll
0x0000000019450000 - 0x0000000019453000 	C:\Program Files\Java\jdk1.8.0_181\jre\bin\api-ms-win-core-profile-l1-1-0.dll
0x0000000019460000 - 0x0000000019463000 	C:\Program Files\Java\jdk1.8.0_181\jre\bin\api-ms-win-core-rtlsupport-l1-1-0.dll
0x0000000019470000 - 0x0000000019473000 	C:\Program Files\Java\jdk1.8.0_181\jre\bin\api-ms-win-core-string-l1-1-0.dll
0x0000000019480000 - 0x0000000019483000 	C:\Program Files\Java\jdk1.8.0_181\jre\bin\api-ms-win-core-synch-l1-1-0.dll
0x0000000019490000 - 0x0000000019493000 	C:\Program Files\Java\jdk1.8.0_181\jre\bin\api-ms-win-core-synch-l1-2-0.dll
0x00000000194a0000 - 0x00000000194a3000 	C:\Program Files\Java\jdk1.8.0_181\jre\bin\api-ms-win-core-sysinfo-l1-1-0.dll
0x00000000194b0000 - 0x00000000194b3000 	C:\Program Files\Java\jdk1.8.0_181\jre\bin\api-ms-win-core-timezone-l1-1-0.dll
0x00000000194c0000 - 0x00000000194c3000 	C:\Program Files\Java\jdk1.8.0_181\jre\bin\api-ms-win-core-util-l1-1-0.dll
0x00000000194d0000 - 0x00000000194d3000 	C:\Program Files\Java\jdk1.8.0_181\jre\bin\api-ms-win-crt-conio-l1-1-0.dll
0x00000000194e0000 - 0x00000000194e4000 	C:\Program Files\Java\jdk1.8.0_181\jre\bin\api-ms-win-crt-convert-l1-1-0.dll
0x00000000194f0000 - 0x00000000194f3000 	C:\Program Files\Java\jdk1.8.0_181\jre\bin\api-ms-win-crt-environment-l1-1-0.dll
0x0000000019500000 - 0x0000000019503000 	C:\Program Files\Java\jdk1.8.0_181\jre\bin\api-ms-win-crt-filesystem-l1-1-0.dll
0x0000000019510000 - 0x0000000019513000 	C:\Program Files\Java\jdk1.8.0_181\jre\bin\api-ms-win-crt-heap-l1-1-0.dll
0x0000000019520000 - 0x0000000019523000 	C:\Program Files\Java\jdk1.8.0_181\jre\bin\api-ms-win-crt-locale-l1-1-0.dll
0x0000000019530000 - 0x0000000019535000 	C:\Program Files\Java\jdk1.8.0_181\jre\bin\api-ms-win-crt-math-l1-1-0.dll
0x0000000019540000 - 0x0000000019545000 	C:\Program Files\Java\jdk1.8.0_181\jre\bin\api-ms-win-crt-multibyte-l1-1-0.dll
0x0000000019550000 - 0x0000000019560000 	C:\Program Files\Java\jdk1.8.0_181\jre\bin\api-ms-win-crt-private-l1-1-0.dll
0x0000000019560000 - 0x0000000019563000 	C:\Program Files\Java\jdk1.8.0_181\jre\bin\api-ms-win-crt-process-l1-1-0.dll
0x0000000019570000 - 0x0000000019574000 	C:\Program Files\Java\jdk1.8.0_181\jre\bin\api-ms-win-crt-runtime-l1-1-0.dll
0x0000000019580000 - 0x0000000019584000 	C:\Program Files\Java\jdk1.8.0_181\jre\bin\api-ms-win-crt-stdio-l1-1-0.dll
0x0000000019590000 - 0x0000000019594000 	C:\Program Files\Java\jdk1.8.0_181\jre\bin\api-ms-win-crt-string-l1-1-0.dll
0x00000000195a0000 - 0x00000000195a3000 	C:\Program Files\Java\jdk1.8.0_181\jre\bin\api-ms-win-crt-time-l1-1-0.dll
0x00000000195b0000 - 0x00000000195b3000 	C:\Program Files\Java\jdk1.8.0_181\jre\bin\api-ms-win-crt-utility-l1-1-0.dll
0x00007ffdfc480000 - 0x00007ffdfc576000 	C:\Program Files\Java\jdk1.8.0_181\jre\bin\ucrtbase.dll
0x00007ffe1c1f0000 - 0x00007ffe1c206000 	C:\Program Files\Java\jdk1.8.0_181\jre\bin\vcruntime140.dll
0x00007ffdfc3e0000 - 0x00007ffdfc47c000 	C:\Program Files\Java\jdk1.8.0_181\jre\bin\msvcp140.dll
0x00007ffe016d0000 - 0x00007ffe01721000 	C:\Program Files\Java\jdk1.8.0_181\jre\bin\concrt140.dll
0x000000005ea20000 - 0x000000005ea43000 	C:\Program Files\Java\jdk1.8.0_181\jre\bin\prism_d3d.dll
0x00007ffe11b00000 - 0x00007ffe11cc7000 	C:\WINDOWS\system32\d3d9.dll
0x00007ffe4a850000 - 0x00007ffe4a87d000 	C:\WINDOWS\SYSTEM32\dwmapi.dll
0x00007ffe4b070000 - 0x00007ffe4b090000 	C:\WINDOWS\SYSTEM32\dxcore.dll
0x00007ffe4a6e0000 - 0x00007ffe4a779000 	C:\WINDOWS\system32\uxtheme.dll
0x00007ffe11090000 - 0x00007ffe11afd000 	C:\WINDOWS\SYSTEM32\igdumdim64.dll
0x00007ffe41e40000 - 0x00007ffe422a5000 	C:\WINDOWS\SYSTEM32\igdusc64.dll
0x000000005e9d0000 - 0x000000005ea19000 	C:\Program Files\Java\jdk1.8.0_181\jre\bin\glass.dll
0x00007ffe4e5a0000 - 0x00007ffe4e670000 	C:\WINDOWS\System32\COMDLG32.dll
0x00007ffe4de40000 - 0x00007ffe4df97000 	C:\WINDOWS\System32\ole32.dll
0x00007ffe4e670000 - 0x00007ffe4e734000 	C:\WINDOWS\System32\OLEAUT32.dll
0x00007ffe4ee20000 - 0x00007ffe4ef56000 	C:\WINDOWS\System32\MSCTF.dll
0x00007ffe3d3e0000 - 0x00007ffe3d3f8000 	C:\Program Files (x86)\Smadav\SmadHook64c.dll
0x00007ffe4c7a0000 - 0x00007ffe4c7fc000 	C:\WINDOWS\System32\WINTRUST.dll
0x00007ffe4c430000 - 0x00007ffe4c442000 	C:\WINDOWS\System32\MSASN1.dll
0x00007ffe4caa0000 - 0x00007ffe4cbe9000 	C:\WINDOWS\System32\CRYPT32.dll
0x000000005e9b0000 - 0x000000005e9c4000 	C:\Program Files\Java\jdk1.8.0_181\jre\bin\javafx_font.dll
0x00007ffe3eac0000 - 0x00007ffe3edbe000 	C:\WINDOWS\SYSTEM32\dwrite.dll
0x00007ffe4f1b0000 - 0x00007ffe4f252000 	C:\WINDOWS\System32\clbcatq.dll
0x00007ffe46ba0000 - 0x00007ffe46d4f000 	C:\WINDOWS\SYSTEM32\WindowsCodecs.dll
0x00007ffe19190000 - 0x00007ffe191ca000 	C:\WINDOWS\system32\dataexchange.dll
0x00007ffe49630000 - 0x00007ffe4988b000 	C:\WINDOWS\system32\d3d11.dll
0x00007ffe49cf0000 - 0x00007ffe49ecb000 	C:\WINDOWS\system32\dcomp.dll
0x00007ffe4b100000 - 0x00007ffe4b1eb000 	C:\WINDOWS\system32\dxgi.dll
0x00007ffe4a930000 - 0x00007ffe4ab8a000 	C:\WINDOWS\system32\twinapi.appcore.dll
0x00007ffe4ad60000 - 0x00007ffe4ad89000 	C:\WINDOWS\system32\RMCLIENT.dll
0x00007ffe0aea0000 - 0x00007ffe0aed3000 	C:\Program Files\Common Files\Microsoft Shared\Ink\rtscom.dll
0x00007ffe40bb0000 - 0x00007ffe40c4e000 	C:\WINDOWS\System32\TextInputFramework.dll
0x00007ffe4a240000 - 0x00007ffe4a314000 	C:\WINDOWS\System32\CoreMessaging.dll
0x00007ffe46f10000 - 0x00007ffe4723a000 	C:\WINDOWS\System32\CoreUIComponents.dll
0x00007ffe4b460000 - 0x00007ffe4b491000 	C:\WINDOWS\SYSTEM32\ntmarta.dll
0x00007ffe48200000 - 0x00007ffe48353000 	C:\WINDOWS\SYSTEM32\wintypes.dll
0x00007ffe3f660000 - 0x00007ffe3f906000 	C:\WINDOWS\System32\iertutil.dll
0x000000005e990000 - 0x000000005e9a2000 	C:\Program Files\Java\jdk1.8.0_181\jre\bin\prism_common.dll
0x00007ffe4b800000 - 0x00007ffe4b833000 	C:\WINDOWS\system32\rsaenh.dll
0x00007ffe4d390000 - 0x00007ffe4d3b6000 	C:\WINDOWS\System32\bcrypt.dll
0x00007ffe4c340000 - 0x00007ffe4c365000 	C:\WINDOWS\SYSTEM32\USERENV.dll
0x00007ffe4be60000 - 0x00007ffe4be6c000 	C:\WINDOWS\SYSTEM32\CRYPTBASE.dll
0x000000005fb90000 - 0x000000005fbaa000 	C:\Program Files\Java\jdk1.8.0_181\jre\bin\net.dll
0x00007ffe4bc90000 - 0x00007ffe4bcf7000 	C:\WINDOWS\system32\mswsock.dll
0x00007ffe4b9a0000 - 0x00007ffe4b9da000 	C:\WINDOWS\SYSTEM32\IPHLPAPI.DLL
0x00007ffe4f110000 - 0x00007ffe4f118000 	C:\WINDOWS\System32\NSI.dll
0x00007ffe41e20000 - 0x00007ffe41e36000 	C:\WINDOWS\SYSTEM32\dhcpcsvc6.DLL
0x00007ffe436a0000 - 0x00007ffe436bc000 	C:\WINDOWS\SYSTEM32\dhcpcsvc.DLL
0x00007ffe4b9e0000 - 0x00007ffe4baaa000 	C:\WINDOWS\SYSTEM32\DNSAPI.dll

VM Arguments:
jvm_args: -Dfile.encoding=UTF-8 
java_command: C:\Users\EddyF\OneDrive\Documents\NetBeansProjects\HospitalManagement\dist\run1917991807\HospitalManagement.jar
java_class_path (initial): C:\Users\EddyF\OneDrive\Documents\NetBeansProjects\HospitalManagement\dist\run1917991807\HospitalManagement.jar
Launcher Type: SUN_STANDARD

Environment Variables:
JAVA_HOME=C:\Program Files\Java\jdk1.8.0_181\bin
CLASSPATH=%CLASSPATH%;%JUNIT_HOME%\junit-4.12.jar;C:\Junit\junit-4.12.jar;C:\Junit\junit-4.12.jar
USERNAME=EddyF
OS=Windows_NT
PROCESSOR_IDENTIFIER=Intel64 Family 6 Model 58 Stepping 9, GenuineIntel



---------------  S Y S T E M  ---------------

OS: Windows 10.0 , 64 bit Build 18362 (10.0.18362.329)

CPU:total 4 (initial active 4) (2 cores per cpu, 2 threads per core) family 6 model 58 stepping 9, cmov, cx8, fxsr, mmx, sse, sse2, sse3, ssse3, sse4.1, sse4.2, popcnt, avx, aes, clmul, erms, ht, tsc, tscinvbit, tscinv

Memory: 4k page, physical 8248816k(1274608k free), swap 9639340k(3624k free)

vm_info: Java HotSpot(TM) 64-Bit Server VM (25.181-b13) for windows-amd64 JRE (1.8.0_181-b13), built on Jul  7 2018 04:01:33 by "java_re" with MS VC++ 10.0 (VS2010)

time: Thu Apr 23 21:21:26 2020
elapsed time: 11 seconds (0d 0h 0m 11s)

